============================= test session starts =============================
platform win32 -- Python 3.6.5, pytest-3.8.1, py-1.5.3, pluggy-0.7.1
rootdir: D:\Semester 4\PF\Assignments\A2, inifile:
plugins: timeout-1.3.2, remotedata-0.2.1, openfiles-0.3.0, doctestplus-0.1.3, arraydiff-0.2
timeout: 3.0s
timeout method: thread
timeout func_only: False
collected 5 items

test_student.py .FFF.                                                    [100%]

================================== FAILURES ===================================
__________________________________ test_bool __________________________________

    def test_bool():
        if calculate_force(True, True) is not None:
>           raise AssertionError
E           AssertionError

test_student.py:26: AssertionError
_________________________ test_find_and_print_energy __________________________

    def test_find_and_print_energy():
        val = 0.0009
        v, out = capture_output(find_and_print_energy)(val)
    
>       assert out.startswith("The energy equivalent of mass 0.0009 is: 80887966086313.")
E       AssertionError: assert False
E        +  where False = <built-in method startswith of str object at 0x00000163C7A2DCC8>('The energy equivalent of mass 0.0009 is: 80887966086313.')
E        +    where <built-in method startswith of str object at 0x00000163C7A2DCC8> = 'The energy equivalent of mass  0.2  is:  1.62e-07\n'.startswith

test_student.py:33: AssertionError
________________________ test_find_and_print_energy_01 ________________________

    def test_find_and_print_energy_01():
        val = 0.0009
        v, out = capture_output(find_and_print_energy)(val)
        result = 80887966086313.58
>       assert abs(v - result) < epsilon
E       TypeError: unsupported operand type(s) for -: 'NoneType' and 'float'

test_student.py:40: TypeError
===================== 3 failed, 2 passed in 1.00 seconds ======================
============================= test session starts =============================
platform win32 -- Python 3.6.5, pytest-3.8.1, py-1.5.3, pluggy-0.7.1
rootdir: D:\Semester 4\PF\Assignments\A2, inifile:
plugins: timeout-1.3.2, remotedata-0.2.1, openfiles-0.3.0, doctestplus-0.1.3, arraydiff-0.2
timeout: 3.0s
timeout method: thread
timeout func_only: False
collected 5 items

test_student.py .FFF.                                                    [100%]

================================== FAILURES ===================================
__________________________________ test_bool __________________________________

    def test_bool():
        if calculate_force(True, True) is not None:
>           raise AssertionError
E           AssertionError

test_student.py:26: AssertionError
_________________________ test_find_and_print_energy __________________________

    def test_find_and_print_energy():
        val = 0.0009
        v, out = capture_output(find_and_print_energy)(val)
    
>       assert out.startswith("The energy equivalent of mass 0.0009 is: 80887966086313.")
E       AssertionError: assert False
E        +  where False = <built-in method startswith of str object at 0x0000028B82947AB0>('The energy equivalent of mass 0.0009 is: 80887966086313.')
E        +    where <built-in method startswith of str object at 0x0000028B82947AB0> = ''.startswith

test_student.py:33: AssertionError
________________________ test_find_and_print_energy_01 ________________________

    def test_find_and_print_energy_01():
        val = 0.0009
        v, out = capture_output(find_and_print_energy)(val)
        result = 80887966086313.58
>       assert abs(v - result) < epsilon
E       TypeError: unsupported operand type(s) for -: 'NoneType' and 'float'

test_student.py:40: TypeError
===================== 3 failed, 2 passed in 0.58 seconds ======================
============================= test session starts =============================
platform win32 -- Python 3.6.5, pytest-3.8.1, py-1.5.3, pluggy-0.7.1
rootdir: D:\Semester 4\PF\Assignments\A2, inifile:
plugins: timeout-1.3.2, remotedata-0.2.1, openfiles-0.3.0, doctestplus-0.1.3, arraydiff-0.2
timeout: 3.0s
timeout method: thread
timeout func_only: False
collected 5 items

test_student.py .FFF.                                                    [100%]

================================== FAILURES ===================================
__________________________________ test_bool __________________________________

    def test_bool():
        if calculate_force(True, True) is not None:
>           raise AssertionError
E           AssertionError

test_student.py:26: AssertionError
_________________________ test_find_and_print_energy __________________________

    def test_find_and_print_energy():
        val = 0.0009
        v, out = capture_output(find_and_print_energy)(val)
    
>       assert out.startswith("The energy equivalent of mass 0.0009 is: 80887966086313.")
E       AssertionError: assert False
E        +  where False = <built-in method startswith of str object at 0x000001B831497AB0>('The energy equivalent of mass 0.0009 is: 80887966086313.')
E        +    where <built-in method startswith of str object at 0x000001B831497AB0> = ''.startswith

test_student.py:33: AssertionError
________________________ test_find_and_print_energy_01 ________________________

    def test_find_and_print_energy_01():
        val = 0.0009
        v, out = capture_output(find_and_print_energy)(val)
        result = 80887966086313.58
>       assert abs(v - result) < epsilon
E       TypeError: unsupported operand type(s) for -: 'NoneType' and 'float'

test_student.py:40: TypeError
===================== 3 failed, 2 passed in 0.39 seconds ======================
============================= test session starts =============================
platform win32 -- Python 3.6.5, pytest-3.8.1, py-1.5.3, pluggy-0.7.1
rootdir: D:\Semester 4\PF\Assignments\A2, inifile:
plugins: timeout-1.3.2, remotedata-0.2.1, openfiles-0.3.0, doctestplus-0.1.3, arraydiff-0.2
timeout: 3.0s
timeout method: thread
timeout func_only: False
collected 0 items / 1 errors

=================================== ERRORS ====================================
______________________ ERROR collecting test_student.py _______________________
test_student.py:2: in <module>
    from a02 import calculate_force
..\a02.py:13: in <module>
    calculate_force()
E   TypeError: calculate_force() missing 2 required positional arguments: 'a' and 'm'
!!!!!!!!!!!!!!!!!!! Interrupted: 1 errors during collection !!!!!!!!!!!!!!!!!!!
=========================== 1 error in 0.61 seconds ===========================
============================= test session starts =============================
platform win32 -- Python 3.6.5, pytest-3.8.1, py-1.5.3, pluggy-0.7.1
rootdir: D:\Semester 4\PF\Assignments\A2, inifile:
plugins: timeout-1.3.2, remotedata-0.2.1, openfiles-0.3.0, doctestplus-0.1.3, arraydiff-0.2
timeout: 3.0s
timeout method: thread
timeout func_only: False
collected 5 items

test_student.py .FFF.                                                    [100%]

================================== FAILURES ===================================
__________________________________ test_bool __________________________________

    def test_bool():
        if calculate_force(True, True) is not None:
>           raise AssertionError
E           AssertionError

test_student.py:26: AssertionError
_________________________ test_find_and_print_energy __________________________

    def test_find_and_print_energy():
        val = 0.0009
        v, out = capture_output(find_and_print_energy)(val)
    
>       assert out.startswith("The energy equivalent of mass 0.0009 is: 80887966086313.")
E       AssertionError: assert False
E        +  where False = <built-in method startswith of str object at 0x0000027CB8027AB0>('The energy equivalent of mass 0.0009 is: 80887966086313.')
E        +    where <built-in method startswith of str object at 0x0000027CB8027AB0> = ''.startswith

test_student.py:33: AssertionError
________________________ test_find_and_print_energy_01 ________________________

    def test_find_and_print_energy_01():
        val = 0.0009
        v, out = capture_output(find_and_print_energy)(val)
        result = 80887966086313.58
>       assert abs(v - result) < epsilon
E       TypeError: unsupported operand type(s) for -: 'NoneType' and 'float'

test_student.py:40: TypeError
===================== 3 failed, 2 passed in 0.71 seconds ======================
============================= test session starts =============================
platform win32 -- Python 3.6.5, pytest-3.8.1, py-1.5.3, pluggy-0.7.1
rootdir: D:\Semester 4\PF\Assignments\A2, inifile:
plugins: timeout-1.3.2, remotedata-0.2.1, openfiles-0.3.0, doctestplus-0.1.3, arraydiff-0.2
timeout: 3.0s
timeout method: thread
timeout func_only: False
collected 5 items

test_student.py .FFF.                                                    [100%]

================================== FAILURES ===================================
__________________________________ test_bool __________________________________

    def test_bool():
        if calculate_force(True, True) is not None:
>           raise AssertionError
E           AssertionError

test_student.py:26: AssertionError
_________________________ test_find_and_print_energy __________________________

    def test_find_and_print_energy():
        val = 0.0009
        v, out = capture_output(find_and_print_energy)(val)
    
>       assert out.startswith("The energy equivalent of mass 0.0009 is: 80887966086313.")
E       AssertionError: assert False
E        +  where False = <built-in method startswith of str object at 0x0000022D1AD47AB0>('The energy equivalent of mass 0.0009 is: 80887966086313.')
E        +    where <built-in method startswith of str object at 0x0000022D1AD47AB0> = ''.startswith

test_student.py:33: AssertionError
________________________ test_find_and_print_energy_01 ________________________

    def test_find_and_print_energy_01():
        val = 0.0009
        v, out = capture_output(find_and_print_energy)(val)
        result = 80887966086313.58
>       assert abs(v - result) < epsilon
E       TypeError: unsupported operand type(s) for -: 'NoneType' and 'float'

test_student.py:40: TypeError
===================== 3 failed, 2 passed in 0.46 seconds ======================
============================= test session starts =============================
platform win32 -- Python 3.6.5, pytest-3.8.1, py-1.5.3, pluggy-0.7.1
rootdir: D:\Semester 4\PF\Assignments\A2, inifile:
plugins: timeout-1.3.2, remotedata-0.2.1, openfiles-0.3.0, doctestplus-0.1.3, arraydiff-0.2
timeout: 3.0s
timeout method: thread
timeout func_only: False
collected 5 items

test_student.py .FFF.                                                    [100%]

================================== FAILURES ===================================
__________________________________ test_bool __________________________________

    def test_bool():
        if calculate_force(True, True) is not None:
>           raise AssertionError
E           AssertionError

test_student.py:26: AssertionError
_________________________ test_find_and_print_energy __________________________

    def test_find_and_print_energy():
        val = 0.0009
        v, out = capture_output(find_and_print_energy)(val)
    
>       assert out.startswith("The energy equivalent of mass 0.0009 is: 80887966086313.")
E       AssertionError: assert False
E        +  where False = <built-in method startswith of str object at 0x000001E79855E6C0>('The energy equivalent of mass 0.0009 is: 80887966086313.')
E        +    where <built-in method startswith of str object at 0x000001E79855E6C0> = 'The energy equivalent of mass 0.0009 is:  80887966086313.58\n'.startswith

test_student.py:33: AssertionError
________________________ test_find_and_print_energy_01 ________________________

    def test_find_and_print_energy_01():
        val = 0.0009
        v, out = capture_output(find_and_print_energy)(val)
        result = 80887966086313.58
>       assert abs(v - result) < epsilon
E       TypeError: unsupported operand type(s) for -: 'NoneType' and 'float'

test_student.py:40: TypeError
===================== 3 failed, 2 passed in 0.55 seconds ======================
============================= test session starts =============================
platform win32 -- Python 3.6.5, pytest-3.8.1, py-1.5.3, pluggy-0.7.1
rootdir: D:\Semester 4\PF\Assignments\A2, inifile:
plugins: timeout-1.3.2, remotedata-0.2.1, openfiles-0.3.0, doctestplus-0.1.3, arraydiff-0.2
timeout: 3.0s
timeout method: thread
timeout func_only: False
collected 5 items

test_student.py .FFF.                                                    [100%]

================================== FAILURES ===================================
__________________________________ test_bool __________________________________

    def test_bool():
        if calculate_force(True, True) is not None:
>           raise AssertionError
E           AssertionError

test_student.py:26: AssertionError
_________________________ test_find_and_print_energy __________________________

    def test_find_and_print_energy():
        val = 0.0009
        v, out = capture_output(find_and_print_energy)(val)
    
>       assert out.startswith("The energy equivalent of mass 0.0009 is: 80887966086313.")
E       AssertionError: assert False
E        +  where False = <built-in method startswith of str object at 0x000001F5DE4CE6C0>('The energy equivalent of mass 0.0009 is: 80887966086313.')
E        +    where <built-in method startswith of str object at 0x000001F5DE4CE6C0> = 'The energy equivalent of mass 0.0009 is:  80887966086313.58\n'.startswith

test_student.py:33: AssertionError
________________________ test_find_and_print_energy_01 ________________________

    def test_find_and_print_energy_01():
        val = 0.0009
        v, out = capture_output(find_and_print_energy)(val)
        result = 80887966086313.58
>       assert abs(v - result) < epsilon
E       TypeError: unsupported operand type(s) for -: 'NoneType' and 'float'

test_student.py:40: TypeError
===================== 3 failed, 2 passed in 0.67 seconds ======================
============================= test session starts =============================
platform win32 -- Python 3.6.5, pytest-3.8.1, py-1.5.3, pluggy-0.7.1
rootdir: D:\Semester 4\PF\Assignments\A2, inifile:
plugins: timeout-1.3.2, remotedata-0.2.1, openfiles-0.3.0, doctestplus-0.1.3, arraydiff-0.2
timeout: 3.0s
timeout method: thread
timeout func_only: False
collected 5 items

test_student.py .FFF.                                                    [100%]

================================== FAILURES ===================================
__________________________________ test_bool __________________________________

    def test_bool():
        if calculate_force(True, True) is not None:
>           raise AssertionError
E           AssertionError

test_student.py:26: AssertionError
_________________________ test_find_and_print_energy __________________________

    def test_find_and_print_energy():
        val = 0.0009
        v, out = capture_output(find_and_print_energy)(val)
    
>       assert out.startswith("The energy equivalent of mass 0.0009 is: 80887966086313.")
E       AssertionError: assert False
E        +  where False = <built-in method startswith of str object at 0x0000025D48E4D6C0>('The energy equivalent of mass 0.0009 is: 80887966086313.')
E        +    where <built-in method startswith of str object at 0x0000025D48E4D6C0> = 'The energy equivalent of mass 0.0009 is:  80887966086313.58\n'.startswith

test_student.py:33: AssertionError
________________________ test_find_and_print_energy_01 ________________________

    def test_find_and_print_energy_01():
        val = 0.0009
        v, out = capture_output(find_and_print_energy)(val)
        result = 80887966086313.58
>       assert abs(v - result) < epsilon
E       TypeError: unsupported operand type(s) for -: 'NoneType' and 'float'

test_student.py:40: TypeError
===================== 3 failed, 2 passed in 0.59 seconds ======================
============================= test session starts =============================
platform win32 -- Python 3.6.5, pytest-3.8.1, py-1.5.3, pluggy-0.7.1
rootdir: D:\Semester 4\PF\Assignments\A2, inifile:
plugins: timeout-1.3.2, remotedata-0.2.1, openfiles-0.3.0, doctestplus-0.1.3, arraydiff-0.2
timeout: 3.0s
timeout method: thread
timeout func_only: False
collected 5 items

test_student.py .FFF.                                                    [100%]

================================== FAILURES ===================================
__________________________________ test_bool __________________________________

    def test_bool():
        if calculate_force(True, True) is not None:
>           raise AssertionError
E           AssertionError

test_student.py:26: AssertionError
_________________________ test_find_and_print_energy __________________________

    def test_find_and_print_energy():
        val = 0.0009
        v, out = capture_output(find_and_print_energy)(val)
    
>       assert out.startswith("The energy equivalent of mass 0.0009 is: 80887966086313.")
E       AssertionError: assert False
E        +  where False = <built-in method startswith of str object at 0x0000019B712ED6C0>('The energy equivalent of mass 0.0009 is: 80887966086313.')
E        +    where <built-in method startswith of str object at 0x0000019B712ED6C0> = 'The energy equivalent of mass 0.0009 is:  80887966086313.58\n'.startswith

test_student.py:33: AssertionError
________________________ test_find_and_print_energy_01 ________________________

    def test_find_and_print_energy_01():
        val = 0.0009
        v, out = capture_output(find_and_print_energy)(val)
        result = 80887966086313.58
>       assert abs(v - result) < epsilon
E       TypeError: unsupported operand type(s) for -: 'NoneType' and 'float'

test_student.py:40: TypeError
===================== 3 failed, 2 passed in 0.43 seconds ======================
============================= test session starts =============================
platform win32 -- Python 3.6.5, pytest-3.8.1, py-1.5.3, pluggy-0.7.1
rootdir: D:\Semester 4\PF\Assignments\A2, inifile:
plugins: timeout-1.3.2, remotedata-0.2.1, openfiles-0.3.0, doctestplus-0.1.3, arraydiff-0.2
timeout: 3.0s
timeout method: thread
timeout func_only: False
collected 5 items

test_student.py .FFF.                                                    [100%]

================================== FAILURES ===================================
__________________________________ test_bool __________________________________

    def test_bool():
        if calculate_force(True, True) is not None:
>           raise AssertionError
E           AssertionError

test_student.py:26: AssertionError
_________________________ test_find_and_print_energy __________________________

    def test_find_and_print_energy():
        val = 0.0009
        v, out = capture_output(find_and_print_energy)(val)
    
>       assert out.startswith("The energy equivalent of mass 0.0009 is: 80887966086313.")
E       AssertionError: assert False
E        +  where False = <built-in method startswith of str object at 0x000001F7825ED6C0>('The energy equivalent of mass 0.0009 is: 80887966086313.')
E        +    where <built-in method startswith of str object at 0x000001F7825ED6C0> = 'The energy equivalent of mass 0.0009 is:  80887966086313.6\n'.startswith

test_student.py:33: AssertionError
________________________ test_find_and_print_energy_01 ________________________

    def test_find_and_print_energy_01():
        val = 0.0009
        v, out = capture_output(find_and_print_energy)(val)
        result = 80887966086313.58
>       assert abs(v - result) < epsilon
E       TypeError: unsupported operand type(s) for -: 'NoneType' and 'float'

test_student.py:40: TypeError
===================== 3 failed, 2 passed in 0.52 seconds ======================
============================= test session starts =============================
platform win32 -- Python 3.6.5, pytest-3.8.1, py-1.5.3, pluggy-0.7.1
rootdir: D:\Semester 4\PF\Assignments\A2, inifile:
plugins: timeout-1.3.2, remotedata-0.2.1, openfiles-0.3.0, doctestplus-0.1.3, arraydiff-0.2
timeout: 3.0s
timeout method: thread
timeout func_only: False
collected 5 items

test_student.py .FFF.                                                    [100%]

================================== FAILURES ===================================
__________________________________ test_bool __________________________________

    def test_bool():
        if calculate_force(True, True) is not None:
>           raise AssertionError
E           AssertionError

test_student.py:26: AssertionError
_________________________ test_find_and_print_energy __________________________

    def test_find_and_print_energy():
        val = 0.0009
        v, out = capture_output(find_and_print_energy)(val)
    
>       assert out.startswith("The energy equivalent of mass 0.0009 is: 80887966086313.")
E       AssertionError: assert False
E        +  where False = <built-in method startswith of str object at 0x00000189F6A1E6C0>('The energy equivalent of mass 0.0009 is: 80887966086313.')
E        +    where <built-in method startswith of str object at 0x00000189F6A1E6C0> = 'The energy equivalent of mass 0.0009 is:  80887966086313.58\n'.startswith

test_student.py:33: AssertionError
________________________ test_find_and_print_energy_01 ________________________

    def test_find_and_print_energy_01():
        val = 0.0009
        v, out = capture_output(find_and_print_energy)(val)
        result = 80887966086313.58
>       assert abs(v - result) < epsilon
E       TypeError: unsupported operand type(s) for -: 'NoneType' and 'float'

test_student.py:40: TypeError
===================== 3 failed, 2 passed in 0.36 seconds ======================
============================= test session starts =============================
platform win32 -- Python 3.6.5, pytest-3.8.1, py-1.5.3, pluggy-0.7.1
rootdir: D:\Semester 4\PF\Assignments\A2, inifile:
plugins: timeout-1.3.2, remotedata-0.2.1, openfiles-0.3.0, doctestplus-0.1.3, arraydiff-0.2
timeout: 3.0s
timeout method: thread
timeout func_only: False
collected 5 items

test_student.py .FFF.                                                    [100%]

================================== FAILURES ===================================
__________________________________ test_bool __________________________________

    def test_bool():
        if calculate_force(True, True) is not None:
>           raise AssertionError
E           AssertionError

test_student.py:26: AssertionError
_________________________ test_find_and_print_energy __________________________

    def test_find_and_print_energy():
        val = 0.0009
        v, out = capture_output(find_and_print_energy)(val)
    
>       assert out.startswith("The energy equivalent of mass 0.0009 is: 80887966086313.")
E       AssertionError: assert False
E        +  where False = <built-in method startswith of str object at 0x0000022B4A77C6C0>('The energy equivalent of mass 0.0009 is: 80887966086313.')
E        +    where <built-in method startswith of str object at 0x0000022B4A77C6C0> = 'The energy equivalent of mass 0.0009 is:  80887966086313.58\n'.startswith

test_student.py:33: AssertionError
________________________ test_find_and_print_energy_01 ________________________

    def test_find_and_print_energy_01():
        val = 0.0009
        v, out = capture_output(find_and_print_energy)(val)
        result = 80887966086313.58
>       assert abs(v - result) < epsilon
E       TypeError: unsupported operand type(s) for -: 'NoneType' and 'float'

test_student.py:40: TypeError
===================== 3 failed, 2 passed in 0.30 seconds ======================
============================= test session starts =============================
platform win32 -- Python 3.6.5, pytest-3.8.1, py-1.5.3, pluggy-0.7.1
rootdir: D:\Semester 4\PF\Assignments\A2, inifile:
plugins: timeout-1.3.2, remotedata-0.2.1, openfiles-0.3.0, doctestplus-0.1.3, arraydiff-0.2
timeout: 3.0s
timeout method: thread
timeout func_only: False
collected 5 items

test_student.py .FFF.                                                    [100%]

================================== FAILURES ===================================
__________________________________ test_bool __________________________________

    def test_bool():
        if calculate_force(True, True) is not None:
>           raise AssertionError
E           AssertionError

test_student.py:26: AssertionError
_________________________ test_find_and_print_energy __________________________

    def test_find_and_print_energy():
        val = 0.0009
        v, out = capture_output(find_and_print_energy)(val)
    
>       assert out.startswith("The energy equivalent of mass 0.0009 is: 80887966086313.")
E       AssertionError: assert False
E        +  where False = <built-in method startswith of str object at 0x00000267FA4EE6C0>('The energy equivalent of mass 0.0009 is: 80887966086313.')
E        +    where <built-in method startswith of str object at 0x00000267FA4EE6C0> = 'The energy equivalent of mass 0.0009 is:  80887966086313.58\n'.startswith

test_student.py:33: AssertionError
________________________ test_find_and_print_energy_01 ________________________

    def test_find_and_print_energy_01():
        val = 0.0009
        v, out = capture_output(find_and_print_energy)(val)
        result = 80887966086313.58
>       assert abs(v - result) < epsilon
E       TypeError: unsupported operand type(s) for -: 'NoneType' and 'float'

test_student.py:40: TypeError
===================== 3 failed, 2 passed in 0.76 seconds ======================
============================= test session starts =============================
platform win32 -- Python 3.6.5, pytest-3.8.1, py-1.5.3, pluggy-0.7.1
rootdir: D:\Semester 4\PF\Assignments\A2, inifile:
plugins: timeout-1.3.2, remotedata-0.2.1, openfiles-0.3.0, doctestplus-0.1.3, arraydiff-0.2
timeout: 3.0s
timeout method: thread
timeout func_only: False
collected 5 items

test_student.py .FFF.                                                    [100%]

================================== FAILURES ===================================
__________________________________ test_bool __________________________________

    def test_bool():
        if calculate_force(True, True) is not None:
>           raise AssertionError
E           AssertionError

test_student.py:26: AssertionError
_________________________ test_find_and_print_energy __________________________

    def test_find_and_print_energy():
        val = 0.0009
        v, out = capture_output(find_and_print_energy)(val)
    
>       assert out.startswith("The energy equivalent of mass 0.0009 is: 80887966086313.")
E       AssertionError: assert False
E        +  where False = <built-in method startswith of str object at 0x000001EEDB8BD6C0>('The energy equivalent of mass 0.0009 is: 80887966086313.')
E        +    where <built-in method startswith of str object at 0x000001EEDB8BD6C0> = 'The energy equivalent of mass 0.0009 is:  80887966086313.58\n'.startswith

test_student.py:33: AssertionError
________________________ test_find_and_print_energy_01 ________________________

    def test_find_and_print_energy_01():
        val = 0.0009
        v, out = capture_output(find_and_print_energy)(val)
        result = 80887966086313.58
>       assert abs(v - result) < epsilon
E       TypeError: unsupported operand type(s) for -: 'NoneType' and 'float'

test_student.py:40: TypeError
===================== 3 failed, 2 passed in 0.68 seconds ======================
============================= test session starts =============================
platform win32 -- Python 3.6.5, pytest-3.8.1, py-1.5.3, pluggy-0.7.1
rootdir: D:\Semester 4\PF\Assignments\A2, inifile:
plugins: timeout-1.3.2, remotedata-0.2.1, openfiles-0.3.0, doctestplus-0.1.3, arraydiff-0.2
timeout: 3.0s
timeout method: thread
timeout func_only: False
collected 5 items

test_student.py .FFF.                                                    [100%]

================================== FAILURES ===================================
__________________________________ test_bool __________________________________

    def test_bool():
        if calculate_force(True, True) is not None:
>           raise AssertionError
E           AssertionError

test_student.py:26: AssertionError
_________________________ test_find_and_print_energy __________________________

    def test_find_and_print_energy():
        val = 0.0009
        v, out = capture_output(find_and_print_energy)(val)
    
>       assert out.startswith("The energy equivalent of mass 0.0009 is: 80887966086313.")
E       AssertionError: assert False
E        +  where False = <built-in method startswith of str object at 0x000002198281D6C0>('The energy equivalent of mass 0.0009 is: 80887966086313.')
E        +    where <built-in method startswith of str object at 0x000002198281D6C0> = 'The energy equivalent of mass 0.0009 is:  80887966086313.58\n'.startswith

test_student.py:33: AssertionError
________________________ test_find_and_print_energy_01 ________________________

    def test_find_and_print_energy_01():
        val = 0.0009
        v, out = capture_output(find_and_print_energy)(val)
        result = 80887966086313.58
>       assert abs(v - result) < epsilon
E       TypeError: unsupported operand type(s) for -: 'NoneType' and 'float'

test_student.py:40: TypeError
===================== 3 failed, 2 passed in 0.55 seconds ======================
============================= test session starts =============================
platform win32 -- Python 3.6.5, pytest-3.8.1, py-1.5.3, pluggy-0.7.1
rootdir: D:\Semester 4\PF\Assignments\A2, inifile:
plugins: timeout-1.3.2, remotedata-0.2.1, openfiles-0.3.0, doctestplus-0.1.3, arraydiff-0.2
timeout: 3.0s
timeout method: thread
timeout func_only: False
collected 5 items

test_student.py .FFF.                                                    [100%]

================================== FAILURES ===================================
__________________________________ test_bool __________________________________

    def test_bool():
        if calculate_force(True, True) is not None:
>           raise AssertionError
E           AssertionError

test_student.py:26: AssertionError
_________________________ test_find_and_print_energy __________________________

    def test_find_and_print_energy():
        val = 0.0009
        v, out = capture_output(find_and_print_energy)(val)
    
>       assert out.startswith("The energy equivalent of mass 0.0009 is: 80887966086313.")
E       AssertionError: assert False
E        +  where False = <built-in method startswith of str object at 0x000001A047F8E6C0>('The energy equivalent of mass 0.0009 is: 80887966086313.')
E        +    where <built-in method startswith of str object at 0x000001A047F8E6C0> = 'The energy equivalent of mass 0.0009 is:  80887966086313.58\n'.startswith

test_student.py:33: AssertionError
________________________ test_find_and_print_energy_01 ________________________

    def test_find_and_print_energy_01():
        val = 0.0009
        v, out = capture_output(find_and_print_energy)(val)
        result = 80887966086313.58
>       assert abs(v - result) < epsilon
E       TypeError: unsupported operand type(s) for -: 'NoneType' and 'float'

test_student.py:40: TypeError
===================== 3 failed, 2 passed in 0.65 seconds ======================
============================= test session starts =============================
platform win32 -- Python 3.6.5, pytest-3.8.1, py-1.5.3, pluggy-0.7.1
rootdir: D:\Semester 4\PF\Assignments\A2, inifile:
plugins: timeout-1.3.2, remotedata-0.2.1, openfiles-0.3.0, doctestplus-0.1.3, arraydiff-0.2
timeout: 3.0s
timeout method: thread
timeout func_only: False
collected 5 items

test_student.py .FFF.                                                    [100%]

================================== FAILURES ===================================
__________________________________ test_bool __________________________________

    def test_bool():
        if calculate_force(True, True) is not None:
>           raise AssertionError
E           AssertionError

test_student.py:26: AssertionError
_________________________ test_find_and_print_energy __________________________

    def test_find_and_print_energy():
        val = 0.0009
        v, out = capture_output(find_and_print_energy)(val)
    
>       assert out.startswith("The energy equivalent of mass 0.0009 is: 80887966086313.")
E       AssertionError: assert False
E        +  where False = <built-in method startswith of str object at 0x0000020F0D61D6C0>('The energy equivalent of mass 0.0009 is: 80887966086313.')
E        +    where <built-in method startswith of str object at 0x0000020F0D61D6C0> = 'The energy equivalent of mass 0.0009 is:  80887966086313.58\n'.startswith

test_student.py:33: AssertionError
________________________ test_find_and_print_energy_01 ________________________

    def test_find_and_print_energy_01():
        val = 0.0009
        v, out = capture_output(find_and_print_energy)(val)
        result = 80887966086313.58
>       assert abs(v - result) < epsilon
E       TypeError: unsupported operand type(s) for -: 'NoneType' and 'float'

test_student.py:40: TypeError
===================== 3 failed, 2 passed in 0.64 seconds ======================
============================= test session starts =============================
platform win32 -- Python 3.6.5, pytest-3.8.1, py-1.5.3, pluggy-0.7.1
rootdir: D:\Semester 4\PF\Assignments\A2, inifile:
plugins: timeout-1.3.2, remotedata-0.2.1, openfiles-0.3.0, doctestplus-0.1.3, arraydiff-0.2
timeout: 3.0s
timeout method: thread
timeout func_only: False
collected 5 items

test_student.py .FFF.                                                    [100%]

================================== FAILURES ===================================
__________________________________ test_bool __________________________________

    def test_bool():
        if calculate_force(True, True) is not None:
>           raise AssertionError
E           AssertionError

test_student.py:26: AssertionError
_________________________ test_find_and_print_energy __________________________

    def test_find_and_print_energy():
        val = 0.0009
        v, out = capture_output(find_and_print_energy)(val)
    
>       assert out.startswith("The energy equivalent of mass 0.0009 is: 80887966086313.")
E       AssertionError: assert False
E        +  where False = <built-in method startswith of str object at 0x00000292A498D6C0>('The energy equivalent of mass 0.0009 is: 80887966086313.')
E        +    where <built-in method startswith of str object at 0x00000292A498D6C0> = 'The energy equivalent of mass 0.0009 is:  80887966086313.58\n'.startswith

test_student.py:33: AssertionError
________________________ test_find_and_print_energy_01 ________________________

    def test_find_and_print_energy_01():
        val = 0.0009
        v, out = capture_output(find_and_print_energy)(val)
        result = 80887966086313.58
>       assert abs(v - result) < epsilon
E       TypeError: unsupported operand type(s) for -: 'NoneType' and 'float'

test_student.py:40: TypeError
===================== 3 failed, 2 passed in 0.44 seconds ======================
============================= test session starts =============================
platform win32 -- Python 3.6.5, pytest-3.8.1, py-1.5.3, pluggy-0.7.1
rootdir: D:\Semester 4\PF\Assignments\A2, inifile:
plugins: timeout-1.3.2, remotedata-0.2.1, openfiles-0.3.0, doctestplus-0.1.3, arraydiff-0.2
timeout: 3.0s
timeout method: thread
timeout func_only: False
collected 5 items

test_student.py .FFF.                                                    [100%]

================================== FAILURES ===================================
__________________________________ test_bool __________________________________

    def test_bool():
        if calculate_force(True, True) is not None:
>           raise AssertionError
E           AssertionError

test_student.py:26: AssertionError
_________________________ test_find_and_print_energy __________________________

    def test_find_and_print_energy():
        val = 0.0009
        v, out = capture_output(find_and_print_energy)(val)
    
>       assert out.startswith("The energy equivalent of mass 0.0009 is: 80887966086313.")
E       AssertionError: assert False
E        +  where False = <built-in method startswith of str object at 0x000002646467E6C0>('The energy equivalent of mass 0.0009 is: 80887966086313.')
E        +    where <built-in method startswith of str object at 0x000002646467E6C0> = 'The energy equivalent of mass 0.0009 is:  80887966086313.58\n'.startswith

test_student.py:33: AssertionError
________________________ test_find_and_print_energy_01 ________________________

    def test_find_and_print_energy_01():
        val = 0.0009
        v, out = capture_output(find_and_print_energy)(val)
        result = 80887966086313.58
>       assert abs(v - result) < epsilon
E       TypeError: unsupported operand type(s) for -: 'NoneType' and 'float'

test_student.py:40: TypeError
===================== 3 failed, 2 passed in 0.47 seconds ======================
============================= test session starts =============================
platform win32 -- Python 3.6.5, pytest-3.8.1, py-1.5.3, pluggy-0.7.1
rootdir: D:\Semester 4\PF\Assignments\A2, inifile:
plugins: timeout-1.3.2, remotedata-0.2.1, openfiles-0.3.0, doctestplus-0.1.3, arraydiff-0.2
timeout: 3.0s
timeout method: thread
timeout func_only: False
collected 5 items

test_student.py .FFF.                                                    [100%]

================================== FAILURES ===================================
__________________________________ test_bool __________________________________

    def test_bool():
        if calculate_force(True, True) is not None:
>           raise AssertionError
E           AssertionError

test_student.py:26: AssertionError
_________________________ test_find_and_print_energy __________________________

    def test_find_and_print_energy():
        val = 0.0009
        v, out = capture_output(find_and_print_energy)(val)
    
>       assert out.startswith("The energy equivalent of mass 0.0009 is: 80887966086313.")
E       AssertionError: assert False
E        +  where False = <built-in method startswith of str object at 0x0000029A0ED7D6C0>('The energy equivalent of mass 0.0009 is: 80887966086313.')
E        +    where <built-in method startswith of str object at 0x0000029A0ED7D6C0> = 'The energy equivalent of mass 0.0009 is:  80887966086313.58\n'.startswith

test_student.py:33: AssertionError
________________________ test_find_and_print_energy_01 ________________________

    def test_find_and_print_energy_01():
        val = 0.0009
        v, out = capture_output(find_and_print_energy)(val)
        result = 80887966086313.58
>       assert abs(v - result) < epsilon
E       TypeError: unsupported operand type(s) for -: 'NoneType' and 'float'

test_student.py:40: TypeError
===================== 3 failed, 2 passed in 0.77 seconds ======================
============================= test session starts =============================
platform win32 -- Python 3.6.5, pytest-3.8.1, py-1.5.3, pluggy-0.7.1
rootdir: D:\Semester 4\PF\Assignments\A2, inifile:
plugins: timeout-1.3.2, remotedata-0.2.1, openfiles-0.3.0, doctestplus-0.1.3, arraydiff-0.2
timeout: 3.0s
timeout method: thread
timeout func_only: False
collected 5 items

test_student.py .FFF.                                                    [100%]

================================== FAILURES ===================================
__________________________________ test_bool __________________________________

    def test_bool():
        if calculate_force(True, True) is not None:
>           raise AssertionError
E           AssertionError

test_student.py:26: AssertionError
_________________________ test_find_and_print_energy __________________________

    def test_find_and_print_energy():
        val = 0.0009
        v, out = capture_output(find_and_print_energy)(val)
    
>       assert out.startswith("The energy equivalent of mass 0.0009 is: 80887966086313.")
E       AssertionError: assert False
E        +  where False = <built-in method startswith of str object at 0x00000205D9F4D6C0>('The energy equivalent of mass 0.0009 is: 80887966086313.')
E        +    where <built-in method startswith of str object at 0x00000205D9F4D6C0> = 'The energy equivalent of mass 0.0009 is:  80887966086313.58\n'.startswith

test_student.py:33: AssertionError
________________________ test_find_and_print_energy_01 ________________________

    def test_find_and_print_energy_01():
        val = 0.0009
        v, out = capture_output(find_and_print_energy)(val)
        result = 80887966086313.58
>       assert abs(v - result) < epsilon
E       TypeError: unsupported operand type(s) for -: 'NoneType' and 'float'

test_student.py:40: TypeError
===================== 3 failed, 2 passed in 0.56 seconds ======================
============================= test session starts =============================
platform win32 -- Python 3.6.5, pytest-3.8.1, py-1.5.3, pluggy-0.7.1
rootdir: D:\Semester 4\PF\Assignments\A2, inifile:
plugins: timeout-1.3.2, remotedata-0.2.1, openfiles-0.3.0, doctestplus-0.1.3, arraydiff-0.2
timeout: 3.0s
timeout method: thread
timeout func_only: False
collected 5 items

test_student.py .FFF.                                                    [100%]

================================== FAILURES ===================================
__________________________________ test_bool __________________________________

    def test_bool():
        if calculate_force(True, True) is not None:
>           raise AssertionError
E           AssertionError

test_student.py:26: AssertionError
_________________________ test_find_and_print_energy __________________________

    def test_find_and_print_energy():
        val = 0.0009
        v, out = capture_output(find_and_print_energy)(val)
    
>       assert out.startswith("The energy equivalent of mass 0.0009 is: 80887966086313.")
E       AssertionError: assert False
E        +  where False = <built-in method startswith of str object at 0x00000212944ED6C0>('The energy equivalent of mass 0.0009 is: 80887966086313.')
E        +    where <built-in method startswith of str object at 0x00000212944ED6C0> = 'The energy equivalent of mass 0.0009 is:  80887966086313.58\n'.startswith

test_student.py:33: AssertionError
________________________ test_find_and_print_energy_01 ________________________

    def test_find_and_print_energy_01():
        val = 0.0009
        v, out = capture_output(find_and_print_energy)(val)
        result = 80887966086313.58
>       assert abs(v - result) < epsilon
E       TypeError: unsupported operand type(s) for -: 'NoneType' and 'float'

test_student.py:40: TypeError
===================== 3 failed, 2 passed in 0.41 seconds ======================
============================= test session starts =============================
platform win32 -- Python 3.6.5, pytest-3.8.1, py-1.5.3, pluggy-0.7.1
rootdir: D:\Semester 4\PF\Assignments\A2, inifile:
plugins: timeout-1.3.2, remotedata-0.2.1, openfiles-0.3.0, doctestplus-0.1.3, arraydiff-0.2
timeout: 3.0s
timeout method: thread
timeout func_only: False
collected 5 items

test_student.py .FFF.                                                    [100%]

================================== FAILURES ===================================
__________________________________ test_bool __________________________________

    def test_bool():
        if calculate_force(True, True) is not None:
>           raise AssertionError
E           AssertionError

test_student.py:26: AssertionError
_________________________ test_find_and_print_energy __________________________

    def test_find_and_print_energy():
        val = 0.0009
        v, out = capture_output(find_and_print_energy)(val)
    
>       assert out.startswith("The energy equivalent of mass 0.0009 is: 80887966086313.")
E       AssertionError: assert False
E        +  where False = <built-in method startswith of str object at 0x000001B793D3E6C0>('The energy equivalent of mass 0.0009 is: 80887966086313.')
E        +    where <built-in method startswith of str object at 0x000001B793D3E6C0> = 'The energy equivalent of mass 0.0009 is:  80887966086313.58\n'.startswith

test_student.py:33: AssertionError
________________________ test_find_and_print_energy_01 ________________________

    def test_find_and_print_energy_01():
        val = 0.0009
        v, out = capture_output(find_and_print_energy)(val)
        result = 80887966086313.58
>       assert abs(v - result) < epsilon
E       TypeError: unsupported operand type(s) for -: 'NoneType' and 'float'

test_student.py:40: TypeError
===================== 3 failed, 2 passed in 0.60 seconds ======================
============================= test session starts =============================
platform win32 -- Python 3.6.5, pytest-3.8.1, py-1.5.3, pluggy-0.7.1
rootdir: D:\Semester 4\PF\Assignments\A2, inifile:
plugins: timeout-1.3.2, remotedata-0.2.1, openfiles-0.3.0, doctestplus-0.1.3, arraydiff-0.2
timeout: 3.0s
timeout method: thread
timeout func_only: False
collected 5 items

test_student.py .FFF.                                                    [100%]

================================== FAILURES ===================================
__________________________________ test_bool __________________________________

    def test_bool():
        if calculate_force(True, True) is not None:
>           raise AssertionError
E           AssertionError

test_student.py:26: AssertionError
_________________________ test_find_and_print_energy __________________________

    def test_find_and_print_energy():
        val = 0.0009
        v, out = capture_output(find_and_print_energy)(val)
    
>       assert out.startswith("The energy equivalent of mass 0.0009 is: 80887966086313.")
E       AssertionError: assert False
E        +  where False = <built-in method startswith of str object at 0x000001B21679D6C0>('The energy equivalent of mass 0.0009 is: 80887966086313.')
E        +    where <built-in method startswith of str object at 0x000001B21679D6C0> = 'The energy equivalent of mass 0.0009 is:  80887966086313.58\n'.startswith

test_student.py:33: AssertionError
________________________ test_find_and_print_energy_01 ________________________

    def test_find_and_print_energy_01():
        val = 0.0009
        v, out = capture_output(find_and_print_energy)(val)
        result = 80887966086313.58
>       assert abs(v - result) < epsilon
E       TypeError: unsupported operand type(s) for -: 'NoneType' and 'float'

test_student.py:40: TypeError
===================== 3 failed, 2 passed in 0.59 seconds ======================
============================= test session starts =============================
platform win32 -- Python 3.6.5, pytest-3.8.1, py-1.5.3, pluggy-0.7.1
rootdir: D:\Semester 4\PF\Assignments\A2, inifile:
plugins: timeout-1.3.2, remotedata-0.2.1, openfiles-0.3.0, doctestplus-0.1.3, arraydiff-0.2
timeout: 3.0s
timeout method: thread
timeout func_only: False
collected 5 items

test_student.py .FFF.                                                    [100%]

================================== FAILURES ===================================
__________________________________ test_bool __________________________________

    def test_bool():
        if calculate_force(True, True) is not None:
>           raise AssertionError
E           AssertionError

test_student.py:26: AssertionError
_________________________ test_find_and_print_energy __________________________

    def test_find_and_print_energy():
        val = 0.0009
        v, out = capture_output(find_and_print_energy)(val)
    
>       assert out.startswith("The energy equivalent of mass 0.0009 is: 80887966086313.")
E       AssertionError: assert False
E        +  where False = <built-in method startswith of str object at 0x000001685422E6C0>('The energy equivalent of mass 0.0009 is: 80887966086313.')
E        +    where <built-in method startswith of str object at 0x000001685422E6C0> = 'The energy equivalent of mass 0.0009 is:  80887966086313.58\n'.startswith

test_student.py:33: AssertionError
________________________ test_find_and_print_energy_01 ________________________

    def test_find_and_print_energy_01():
        val = 0.0009
        v, out = capture_output(find_and_print_energy)(val)
        result = 80887966086313.58
>       assert abs(v - result) < epsilon
E       TypeError: unsupported operand type(s) for -: 'NoneType' and 'float'

test_student.py:40: TypeError
===================== 3 failed, 2 passed in 0.50 seconds ======================
============================= test session starts =============================
platform win32 -- Python 3.6.5, pytest-3.8.1, py-1.5.3, pluggy-0.7.1
rootdir: D:\Semester 4\PF\Assignments\A2, inifile:
plugins: timeout-1.3.2, remotedata-0.2.1, openfiles-0.3.0, doctestplus-0.1.3, arraydiff-0.2
timeout: 3.0s
timeout method: thread
timeout func_only: False
collected 5 items

test_student.py .FFF.                                                    [100%]

================================== FAILURES ===================================
__________________________________ test_bool __________________________________

    def test_bool():
        if calculate_force(True, True) is not None:
>           raise AssertionError
E           AssertionError

test_student.py:26: AssertionError
_________________________ test_find_and_print_energy __________________________

    def test_find_and_print_energy():
        val = 0.0009
        v, out = capture_output(find_and_print_energy)(val)
    
>       assert out.startswith("The energy equivalent of mass 0.0009 is: 80887966086313.")
E       AssertionError: assert False
E        +  where False = <built-in method startswith of str object at 0x000002763ACCD6C0>('The energy equivalent of mass 0.0009 is: 80887966086313.')
E        +    where <built-in method startswith of str object at 0x000002763ACCD6C0> = 'The energy equivalent of mass 0.0009 is:  80887966086313.58\n'.startswith

test_student.py:33: AssertionError
________________________ test_find_and_print_energy_01 ________________________

    def test_find_and_print_energy_01():
        val = 0.0009
        v, out = capture_output(find_and_print_energy)(val)
        result = 80887966086313.58
>       assert abs(v - result) < epsilon
E       TypeError: unsupported operand type(s) for -: 'NoneType' and 'float'

test_student.py:40: TypeError
===================== 3 failed, 2 passed in 0.54 seconds ======================
============================= test session starts =============================
platform win32 -- Python 3.6.5, pytest-3.8.1, py-1.5.3, pluggy-0.7.1
rootdir: D:\Semester 4\PF\Assignments\A2, inifile:
plugins: timeout-1.3.2, remotedata-0.2.1, openfiles-0.3.0, doctestplus-0.1.3, arraydiff-0.2
timeout: 3.0s
timeout method: thread
timeout func_only: False
collected 5 items

test_student.py .FFF.                                                    [100%]

================================== FAILURES ===================================
__________________________________ test_bool __________________________________

    def test_bool():
        if calculate_force(True, True) is not None:
>           raise AssertionError
E           AssertionError

test_student.py:26: AssertionError
_________________________ test_find_and_print_energy __________________________

    def test_find_and_print_energy():
        val = 0.0009
        v, out = capture_output(find_and_print_energy)(val)
    
>       assert out.startswith("The energy equivalent of mass 0.0009 is: 80887966086313.")
E       AssertionError: assert False
E        +  where False = <built-in method startswith of str object at 0x000002678C0BD6C0>('The energy equivalent of mass 0.0009 is: 80887966086313.')
E        +    where <built-in method startswith of str object at 0x000002678C0BD6C0> = 'The energy equivalent of mass 0.0009 is:  80887966086313.58\n'.startswith

test_student.py:33: AssertionError
________________________ test_find_and_print_energy_01 ________________________

    def test_find_and_print_energy_01():
        val = 0.0009
        v, out = capture_output(find_and_print_energy)(val)
        result = 80887966086313.58
>       assert abs(v - result) < epsilon
E       TypeError: unsupported operand type(s) for -: 'NoneType' and 'float'

test_student.py:40: TypeError
===================== 3 failed, 2 passed in 0.66 seconds ======================
============================= test session starts =============================
platform win32 -- Python 3.6.5, pytest-3.8.1, py-1.5.3, pluggy-0.7.1
rootdir: D:\Semester 4\PF\Assignments\A2, inifile:
plugins: timeout-1.3.2, remotedata-0.2.1, openfiles-0.3.0, doctestplus-0.1.3, arraydiff-0.2
timeout: 3.0s
timeout method: thread
timeout func_only: False
collected 5 items

test_student.py .FFF.                                                    [100%]

================================== FAILURES ===================================
__________________________________ test_bool __________________________________

    def test_bool():
        if calculate_force(True, True) is not None:
>           raise AssertionError
E           AssertionError

test_student.py:26: AssertionError
_________________________ test_find_and_print_energy __________________________

    def test_find_and_print_energy():
        val = 0.0009
        v, out = capture_output(find_and_print_energy)(val)
    
>       assert out.startswith("The energy equivalent of mass 0.0009 is: 80887966086313.")
E       AssertionError: assert False
E        +  where False = <built-in method startswith of str object at 0x000001EF7876E6C0>('The energy equivalent of mass 0.0009 is: 80887966086313.')
E        +    where <built-in method startswith of str object at 0x000001EF7876E6C0> = 'The energy equivalent of mass 0.0009 is:  80887966086313.58\n'.startswith

test_student.py:33: AssertionError
________________________ test_find_and_print_energy_01 ________________________

    def test_find_and_print_energy_01():
        val = 0.0009
        v, out = capture_output(find_and_print_energy)(val)
        result = 80887966086313.58
>       assert abs(v - result) < epsilon
E       TypeError: unsupported operand type(s) for -: 'NoneType' and 'float'

test_student.py:40: TypeError
===================== 3 failed, 2 passed in 0.43 seconds ======================
============================= test session starts =============================
platform win32 -- Python 3.6.5, pytest-3.8.1, py-1.5.3, pluggy-0.7.1
rootdir: D:\Semester 4\PF\Assignments\A2, inifile:
plugins: timeout-1.3.2, remotedata-0.2.1, openfiles-0.3.0, doctestplus-0.1.3, arraydiff-0.2
timeout: 3.0s
timeout method: thread
timeout func_only: False
collected 5 items

test_student.py .FFF.                                                    [100%]

================================== FAILURES ===================================
__________________________________ test_bool __________________________________

    def test_bool():
        if calculate_force(True, True) is not None:
>           raise AssertionError
E           AssertionError

test_student.py:26: AssertionError
_________________________ test_find_and_print_energy __________________________

    def test_find_and_print_energy():
        val = 0.0009
        v, out = capture_output(find_and_print_energy)(val)
    
>       assert out.startswith("The energy equivalent of mass 0.0009 is: 80887966086313.")
E       AssertionError: assert False
E        +  where False = <built-in method startswith of str object at 0x000001A53749D6C0>('The energy equivalent of mass 0.0009 is: 80887966086313.')
E        +    where <built-in method startswith of str object at 0x000001A53749D6C0> = 'The energy equivalent of mass 0.0009 is:  80887966086313.58\n'.startswith

test_student.py:33: AssertionError
________________________ test_find_and_print_energy_01 ________________________

    def test_find_and_print_energy_01():
        val = 0.0009
        v, out = capture_output(find_and_print_energy)(val)
        result = 80887966086313.58
>       assert abs(v - result) < epsilon
E       TypeError: unsupported operand type(s) for -: 'NoneType' and 'float'

test_student.py:40: TypeError
===================== 3 failed, 2 passed in 1.20 seconds ======================
============================= test session starts =============================
platform win32 -- Python 3.6.5, pytest-3.8.1, py-1.5.3, pluggy-0.7.1
rootdir: D:\Semester 4\PF\Assignments\A2, inifile:
plugins: timeout-1.3.2, remotedata-0.2.1, openfiles-0.3.0, doctestplus-0.1.3, arraydiff-0.2
timeout: 3.0s
timeout method: thread
timeout func_only: False
collected 5 items

test_student.py .FFF.                                                    [100%]

================================== FAILURES ===================================
__________________________________ test_bool __________________________________

    def test_bool():
        if calculate_force(True, True) is not None:
>           raise AssertionError
E           AssertionError

test_student.py:26: AssertionError
_________________________ test_find_and_print_energy __________________________

    def test_find_and_print_energy():
        val = 0.0009
        v, out = capture_output(find_and_print_energy)(val)
    
>       assert out.startswith("The energy equivalent of mass 0.0009 is: 80887966086313.")
E       AssertionError: assert False
E        +  where False = <built-in method startswith of str object at 0x000002694296D6C0>('The energy equivalent of mass 0.0009 is: 80887966086313.')
E        +    where <built-in method startswith of str object at 0x000002694296D6C0> = 'The energy equivalent of mass 0.0009 is:  80887966086313.58\n'.startswith

test_student.py:33: AssertionError
________________________ test_find_and_print_energy_01 ________________________

    def test_find_and_print_energy_01():
        val = 0.0009
        v, out = capture_output(find_and_print_energy)(val)
        result = 80887966086313.58
>       assert abs(v - result) < epsilon
E       TypeError: unsupported operand type(s) for -: 'NoneType' and 'float'

test_student.py:40: TypeError
===================== 3 failed, 2 passed in 1.14 seconds ======================
