============================= test session starts =============================
platform win32 -- Python 3.6.5, pytest-3.8.1, py-1.5.3, pluggy-0.7.1
rootdir: D:\Semester 4\PF\Assignments\a7, inifile:
plugins: timeout-1.3.2, remotedata-0.2.1, openfiles-0.3.0, doctestplus-0.1.3, arraydiff-0.2
timeout: 3.0s
timeout method: thread
timeout func_only: False
collected 0 items / 1 errors

=================================== ERRORS ====================================
______________________ ERROR collecting test_student.py _______________________
test_student.py:2: in <module>
    from a07 import read_data
a07.py:30: in <module>
    safe_split(a)
a07.py:15: in safe_split
    fun = spliting(a)
E   NameError: name 'spliting' is not defined
!!!!!!!!!!!!!!!!!!! Interrupted: 1 errors during collection !!!!!!!!!!!!!!!!!!!
=========================== 1 error in 0.84 seconds ===========================
============================= test session starts =============================
platform win32 -- Python 3.6.5, pytest-3.8.1, py-1.5.3, pluggy-0.7.1
rootdir: D:\Semester 4\PF\Assignments\a7, inifile:
plugins: timeout-1.3.2, remotedata-0.2.1, openfiles-0.3.0, doctestplus-0.1.3, arraydiff-0.2
timeout: 3.0s
timeout method: thread
timeout func_only: False
collected 0 items / 1 errors

=================================== ERRORS ====================================
______________________ ERROR collecting test_student.py _______________________
test_student.py:2: in <module>
    from a07 import read_data
a07.py:30: in <module>
    safe_split(a)
a07.py:15: in safe_split
    fun = spliting(a)
E   NameError: name 'spliting' is not defined
!!!!!!!!!!!!!!!!!!! Interrupted: 1 errors during collection !!!!!!!!!!!!!!!!!!!
=========================== 1 error in 0.16 seconds ===========================
============================= test session starts =============================
platform win32 -- Python 3.6.5, pytest-3.8.1, py-1.5.3, pluggy-0.7.1
rootdir: D:\Semester 4\PF\Assignments\a7, inifile:
plugins: timeout-1.3.2, remotedata-0.2.1, openfiles-0.3.0, doctestplus-0.1.3, arraydiff-0.2
timeout: 3.0s
timeout method: thread
timeout func_only: False
collected 8 items

test_student.py FFFFFFFF                                                 [100%]

================================== FAILURES ===================================
_____________________________ test_split_safe_s1 ______________________________

    def test_split_safe_s1():
>       res = split_safe("Name,'Father Name',Address,Age")
E       NameError: name 'split_safe' is not defined

test_student.py:16: NameError
_____________________________ test_split_safe_s2 ______________________________

    def test_split_safe_s2():
>       res = split_safe("Ali,Tariq,'House 10, Street 20',30")
E       NameError: name 'split_safe' is not defined

test_student.py:21: NameError
_____________________________ test_split_safe_s3 ______________________________

    def test_split_safe_s3():
>       res = split_safe("Ali, Tariq,'House 10, Street 20',30")
E       NameError: name 'split_safe' is not defined

test_student.py:26: NameError
_____________________________ test_split_safe_s4 ______________________________

    def test_split_safe_s4():
>       res = split_safe("")
E       NameError: name 'split_safe' is not defined

test_student.py:31: NameError
_____________________________ test_split_safe_s5 ______________________________

    def test_split_safe_s5():
>       res = split_safe("a,'n,x'")
E       NameError: name 'split_safe' is not defined

test_student.py:36: NameError
______________________________ test_read_data_s1 ______________________________

    def test_read_data_s1():
>       res = read_data('', 'file.csv')
E       NameError: name 'read_data' is not defined

test_student.py:42: NameError
______________________________ test_read_data_s2 ______________________________

    def test_read_data_s2():
        s = "Name,Father Name,Address"
>       res = write_str_and_get_date(s, 'temp', 'file.csv')

test_student.py:68: 
_ _ _ _ _ _ _ _ _ _ _ _ _ _ _ _ _ _ _ _ _ _ _ _ _ _ _ _ _ _ _ _ _ _ _ _ _ _ _ _

s = 'Name,Father Name,Address', d = 'temp', f = 'file.csv'

    def write_str_and_get_date(s, d, f):
        import os
        write_str_to_file(s, d, f)
>       res = read_data(d, f)
E       NameError: name 'read_data' is not defined

test_student.py:61: NameError
______________________________ test_read_data_s3 ______________________________

    def test_read_data_s3():
        s = "Name,Father Name,Address\nAli,Khayam,'H, 21, Street 2'"
>       res = write_str_and_get_date(s, 'temp', 'file.csv')

test_student.py:74: 
_ _ _ _ _ _ _ _ _ _ _ _ _ _ _ _ _ _ _ _ _ _ _ _ _ _ _ _ _ _ _ _ _ _ _ _ _ _ _ _

s = "Name,Father Name,Address\nAli,Khayam,'H, 21, Street 2'", d = 'temp'
f = 'file.csv'

    def write_str_and_get_date(s, d, f):
        import os
        write_str_to_file(s, d, f)
>       res = read_data(d, f)
E       NameError: name 'read_data' is not defined

test_student.py:61: NameError
========================== 8 failed in 0.32 seconds ===========================
============================= test session starts =============================
platform win32 -- Python 3.6.5, pytest-3.8.1, py-1.5.3, pluggy-0.7.1
rootdir: D:\Semester 4\PF\Assignments\a7, inifile:
plugins: timeout-1.3.2, remotedata-0.2.1, openfiles-0.3.0, doctestplus-0.1.3, arraydiff-0.2
timeout: 3.0s
timeout method: thread
timeout func_only: False
collected 8 items

test_student.py ..FF.FFF                                                 [100%]

================================== FAILURES ===================================
_____________________________ test_split_safe_s3 ______________________________

    def test_split_safe_s3():
        res = split_safe("Ali, Tariq,'House 10, Street 20',30")
        exp = ['Ali','Tariq','House 10, Street 20','30']
>       assert res == exp
E       AssertionError: assert ['Ali', ' Tar...eet 20', '30'] == ['Ali', 'Tariq...eet 20', '30']
E         At index 1 diff: ' Tariq' != 'Tariq'
E         Use -v to get the full diff

test_student.py:28: AssertionError
_____________________________ test_split_safe_s4 ______________________________

    def test_split_safe_s4():
>       res = split_safe("")

test_student.py:31: 
_ _ _ _ _ _ _ _ _ _ _ _ _ _ _ _ _ _ _ _ _ _ _ _ _ _ _ _ _ _ _ _ _ _ _ _ _ _ _ _

a = ''

    def split_safe(a):
        list = []
        q = a.split(",")
        c = 0
        co = 0
        while co < len(q):
>           if q[co][c] == "'":
E           IndexError: string index out of range

a07.py:27: IndexError
______________________________ test_read_data_s1 ______________________________

    def test_read_data_s1():
>       res = read_data('', 'file.csv')
E       NameError: name 'read_data' is not defined

test_student.py:42: NameError
______________________________ test_read_data_s2 ______________________________

    def test_read_data_s2():
        s = "Name,Father Name,Address"
>       res = write_str_and_get_date(s, 'temp', 'file.csv')

test_student.py:68: 
_ _ _ _ _ _ _ _ _ _ _ _ _ _ _ _ _ _ _ _ _ _ _ _ _ _ _ _ _ _ _ _ _ _ _ _ _ _ _ _

s = 'Name,Father Name,Address', d = 'temp', f = 'file.csv'

    def write_str_and_get_date(s, d, f):
        import os
        write_str_to_file(s, d, f)
>       res = read_data(d, f)
E       NameError: name 'read_data' is not defined

test_student.py:61: NameError
______________________________ test_read_data_s3 ______________________________

    def test_read_data_s3():
        s = "Name,Father Name,Address\nAli,Khayam,'H, 21, Street 2'"
>       res = write_str_and_get_date(s, 'temp', 'file.csv')

test_student.py:74: 
_ _ _ _ _ _ _ _ _ _ _ _ _ _ _ _ _ _ _ _ _ _ _ _ _ _ _ _ _ _ _ _ _ _ _ _ _ _ _ _

s = "Name,Father Name,Address\nAli,Khayam,'H, 21, Street 2'", d = 'temp'
f = 'file.csv'

    def write_str_and_get_date(s, d, f):
        import os
        write_str_to_file(s, d, f)
>       res = read_data(d, f)
E       NameError: name 'read_data' is not defined

test_student.py:61: NameError
===================== 5 failed, 3 passed in 0.47 seconds ======================
============================= test session starts =============================
platform win32 -- Python 3.6.5, pytest-3.8.1, py-1.5.3, pluggy-0.7.1
rootdir: D:\Semester 4\PF\Assignments\a7, inifile:
plugins: timeout-1.3.2, remotedata-0.2.1, openfiles-0.3.0, doctestplus-0.1.3, arraydiff-0.2
timeout: 3.0s
timeout method: thread
timeout func_only: False
collected 8 items

test_student.py ..FF.FFF                                                 [100%]

================================== FAILURES ===================================
_____________________________ test_split_safe_s3 ______________________________

    def test_split_safe_s3():
        res = split_safe("Ali, Tariq,'House 10, Street 20',30")
        exp = ['Ali','Tariq','House 10, Street 20','30']
>       assert res == exp
E       AssertionError: assert ['Ali', ' Tar...eet 20', '30'] == ['Ali', 'Tariq...eet 20', '30']
E         At index 1 diff: ' Tariq' != 'Tariq'
E         Use -v to get the full diff

test_student.py:28: AssertionError
_____________________________ test_split_safe_s4 ______________________________

    def test_split_safe_s4():
>       res = split_safe("")

test_student.py:31: 
_ _ _ _ _ _ _ _ _ _ _ _ _ _ _ _ _ _ _ _ _ _ _ _ _ _ _ _ _ _ _ _ _ _ _ _ _ _ _ _

a = ''

    def split_safe(a):
        list = []
        q = a.split(",")
        c = 0
        co = 0
        while co < len(q):
>           if q[co][c] == "'":
E           IndexError: string index out of range

a07.py:27: IndexError
______________________________ test_read_data_s1 ______________________________

    def test_read_data_s1():
>       res = read_data('', 'file.csv')
E       NameError: name 'read_data' is not defined

test_student.py:42: NameError
______________________________ test_read_data_s2 ______________________________

    def test_read_data_s2():
        s = "Name,Father Name,Address"
>       res = write_str_and_get_date(s, 'temp', 'file.csv')

test_student.py:68: 
_ _ _ _ _ _ _ _ _ _ _ _ _ _ _ _ _ _ _ _ _ _ _ _ _ _ _ _ _ _ _ _ _ _ _ _ _ _ _ _

s = 'Name,Father Name,Address', d = 'temp', f = 'file.csv'

    def write_str_and_get_date(s, d, f):
        import os
        write_str_to_file(s, d, f)
>       res = read_data(d, f)
E       NameError: name 'read_data' is not defined

test_student.py:61: NameError
______________________________ test_read_data_s3 ______________________________

    def test_read_data_s3():
        s = "Name,Father Name,Address\nAli,Khayam,'H, 21, Street 2'"
>       res = write_str_and_get_date(s, 'temp', 'file.csv')

test_student.py:74: 
_ _ _ _ _ _ _ _ _ _ _ _ _ _ _ _ _ _ _ _ _ _ _ _ _ _ _ _ _ _ _ _ _ _ _ _ _ _ _ _

s = "Name,Father Name,Address\nAli,Khayam,'H, 21, Street 2'", d = 'temp'
f = 'file.csv'

    def write_str_and_get_date(s, d, f):
        import os
        write_str_to_file(s, d, f)
>       res = read_data(d, f)
E       NameError: name 'read_data' is not defined

test_student.py:61: NameError
===================== 5 failed, 3 passed in 0.14 seconds ======================
============================= test session starts =============================
platform win32 -- Python 3.6.5, pytest-3.8.1, py-1.5.3, pluggy-0.7.1
rootdir: D:\Semester 4\PF\Assignments\a7, inifile:
plugins: timeout-1.3.2, remotedata-0.2.1, openfiles-0.3.0, doctestplus-0.1.3, arraydiff-0.2
timeout: 3.0s
timeout method: thread
timeout func_only: False
collected 8 items

test_student.py ..FF.FFF                                                 [100%]

================================== FAILURES ===================================
_____________________________ test_split_safe_s3 ______________________________

    def test_split_safe_s3():
        res = split_safe("Ali, Tariq,'House 10, Street 20',30")
        exp = ['Ali','Tariq','House 10, Street 20','30']
>       assert res == exp
E       AssertionError: assert ['Ali', ' Tar...eet 20', '30'] == ['Ali', 'Tariq...eet 20', '30']
E         At index 1 diff: ' Tariq' != 'Tariq'
E         Use -v to get the full diff

test_student.py:28: AssertionError
_____________________________ test_split_safe_s4 ______________________________

    def test_split_safe_s4():
>       res = split_safe("")

test_student.py:31: 
_ _ _ _ _ _ _ _ _ _ _ _ _ _ _ _ _ _ _ _ _ _ _ _ _ _ _ _ _ _ _ _ _ _ _ _ _ _ _ _

a = ''

    def split_safe(a):
        list = []
        q = a.split(",")
        c = 0
        co = 0
        while co < len(q):
>           if q[co][c] == "'":
E           IndexError: string index out of range

a07.py:27: IndexError
______________________________ test_read_data_s1 ______________________________

    def test_read_data_s1():
>       res = read_data('', 'file.csv')
E       NameError: name 'read_data' is not defined

test_student.py:42: NameError
______________________________ test_read_data_s2 ______________________________

    def test_read_data_s2():
        s = "Name,Father Name,Address"
>       res = write_str_and_get_date(s, 'temp', 'file.csv')

test_student.py:68: 
_ _ _ _ _ _ _ _ _ _ _ _ _ _ _ _ _ _ _ _ _ _ _ _ _ _ _ _ _ _ _ _ _ _ _ _ _ _ _ _

s = 'Name,Father Name,Address', d = 'temp', f = 'file.csv'

    def write_str_and_get_date(s, d, f):
        import os
        write_str_to_file(s, d, f)
>       res = read_data(d, f)
E       NameError: name 'read_data' is not defined

test_student.py:61: NameError
______________________________ test_read_data_s3 ______________________________

    def test_read_data_s3():
        s = "Name,Father Name,Address\nAli,Khayam,'H, 21, Street 2'"
>       res = write_str_and_get_date(s, 'temp', 'file.csv')

test_student.py:74: 
_ _ _ _ _ _ _ _ _ _ _ _ _ _ _ _ _ _ _ _ _ _ _ _ _ _ _ _ _ _ _ _ _ _ _ _ _ _ _ _

s = "Name,Father Name,Address\nAli,Khayam,'H, 21, Street 2'", d = 'temp'
f = 'file.csv'

    def write_str_and_get_date(s, d, f):
        import os
        write_str_to_file(s, d, f)
>       res = read_data(d, f)
E       NameError: name 'read_data' is not defined

test_student.py:61: NameError
===================== 5 failed, 3 passed in 0.15 seconds ======================
============================= test session starts =============================
platform win32 -- Python 3.6.5, pytest-3.8.1, py-1.5.3, pluggy-0.7.1
rootdir: D:\Semester 4\PF\Assignments\a7, inifile:
plugins: timeout-1.3.2, remotedata-0.2.1, openfiles-0.3.0, doctestplus-0.1.3, arraydiff-0.2
timeout: 3.0s
timeout method: thread
timeout func_only: False
collected 8 items

test_student.py FFFF.FFF                                                 [100%]

================================== FAILURES ===================================
_____________________________ test_split_safe_s1 ______________________________

    def test_split_safe_s1():
        res = split_safe("Name,'Father Name',Address,Age")
        exp = ['Name','Father Name','Address','Age']
>       assert res == exp
E       AssertionError: assert ['Name', 'Fat...dress', 'Age'] == ['Name', 'Fath...dress', 'Age']
E         At index 1 diff: 'FatherName' != 'Father Name'
E         Use -v to get the full diff

test_student.py:18: AssertionError
_____________________________ test_split_safe_s2 ______________________________

    def test_split_safe_s2():
        res = split_safe("Ali,Tariq,'House 10, Street 20',30")
        exp = ['Ali','Tariq','House 10, Street 20','30']
>       assert res == exp
E       AssertionError: assert ['Ali', 'Tari...reet20', '30'] == ['Ali', 'Tariq...eet 20', '30']
E         At index 2 diff: 'House10,Street20' != 'House 10, Street 20'
E         Use -v to get the full diff

test_student.py:23: AssertionError
_____________________________ test_split_safe_s3 ______________________________

    def test_split_safe_s3():
        res = split_safe("Ali, Tariq,'House 10, Street 20',30")
        exp = ['Ali','Tariq','House 10, Street 20','30']
>       assert res == exp
E       AssertionError: assert ['Ali', ' Tar...reet20', '30'] == ['Ali', 'Tariq...eet 20', '30']
E         At index 1 diff: ' Tariq' != 'Tariq'
E         Use -v to get the full diff

test_student.py:28: AssertionError
_____________________________ test_split_safe_s4 ______________________________

    def test_split_safe_s4():
>       res = split_safe("")

test_student.py:31: 
_ _ _ _ _ _ _ _ _ _ _ _ _ _ _ _ _ _ _ _ _ _ _ _ _ _ _ _ _ _ _ _ _ _ _ _ _ _ _ _

a = ''

    def split_safe(a):
        list = []
        q = a.split(",")
        c = 0
        co = 0
        while co < len(q):
>           if q[co][c] == "'":
E           IndexError: string index out of range

a07.py:30: IndexError
______________________________ test_read_data_s1 ______________________________

    def test_read_data_s1():
>       res = read_data('', 'file.csv')
E       NameError: name 'read_data' is not defined

test_student.py:42: NameError
______________________________ test_read_data_s2 ______________________________

    def test_read_data_s2():
        s = "Name,Father Name,Address"
>       res = write_str_and_get_date(s, 'temp', 'file.csv')

test_student.py:68: 
_ _ _ _ _ _ _ _ _ _ _ _ _ _ _ _ _ _ _ _ _ _ _ _ _ _ _ _ _ _ _ _ _ _ _ _ _ _ _ _

s = 'Name,Father Name,Address', d = 'temp', f = 'file.csv'

    def write_str_and_get_date(s, d, f):
        import os
        write_str_to_file(s, d, f)
>       res = read_data(d, f)
E       NameError: name 'read_data' is not defined

test_student.py:61: NameError
______________________________ test_read_data_s3 ______________________________

    def test_read_data_s3():
        s = "Name,Father Name,Address\nAli,Khayam,'H, 21, Street 2'"
>       res = write_str_and_get_date(s, 'temp', 'file.csv')

test_student.py:74: 
_ _ _ _ _ _ _ _ _ _ _ _ _ _ _ _ _ _ _ _ _ _ _ _ _ _ _ _ _ _ _ _ _ _ _ _ _ _ _ _

s = "Name,Father Name,Address\nAli,Khayam,'H, 21, Street 2'", d = 'temp'
f = 'file.csv'

    def write_str_and_get_date(s, d, f):
        import os
        write_str_to_file(s, d, f)
>       res = read_data(d, f)
E       NameError: name 'read_data' is not defined

test_student.py:61: NameError
===================== 7 failed, 1 passed in 0.25 seconds ======================
============================= test session starts =============================
platform win32 -- Python 3.6.5, pytest-3.8.1, py-1.5.3, pluggy-0.7.1
rootdir: D:\Semester 4\PF\Assignments\a7, inifile:
plugins: timeout-1.3.2, remotedata-0.2.1, openfiles-0.3.0, doctestplus-0.1.3, arraydiff-0.2
timeout: 3.0s
timeout method: thread
timeout func_only: False
collected 8 items

test_student.py ..FF.FFF                                                 [100%]

================================== FAILURES ===================================
_____________________________ test_split_safe_s3 ______________________________

    def test_split_safe_s3():
        res = split_safe("Ali, Tariq,'House 10, Street 20',30")
        exp = ['Ali','Tariq','House 10, Street 20','30']
>       assert res == exp
E       AssertionError: assert ['Ali', ' Tar...eet 20', '30'] == ['Ali', 'Tariq...eet 20', '30']
E         At index 1 diff: ' Tariq' != 'Tariq'
E         Use -v to get the full diff

test_student.py:28: AssertionError
_____________________________ test_split_safe_s4 ______________________________

    def test_split_safe_s4():
>       res = split_safe("")

test_student.py:31: 
_ _ _ _ _ _ _ _ _ _ _ _ _ _ _ _ _ _ _ _ _ _ _ _ _ _ _ _ _ _ _ _ _ _ _ _ _ _ _ _

a = ''

    def split_safe(a):
        list = []
        q = a.split(",")
        c = 0
        co = 0
        while co < len(q):
>           if q[co][c] == "'":
E           IndexError: string index out of range

a07.py:27: IndexError
______________________________ test_read_data_s1 ______________________________

    def test_read_data_s1():
>       res = read_data('', 'file.csv')
E       NameError: name 'read_data' is not defined

test_student.py:42: NameError
______________________________ test_read_data_s2 ______________________________

    def test_read_data_s2():
        s = "Name,Father Name,Address"
>       res = write_str_and_get_date(s, 'temp', 'file.csv')

test_student.py:68: 
_ _ _ _ _ _ _ _ _ _ _ _ _ _ _ _ _ _ _ _ _ _ _ _ _ _ _ _ _ _ _ _ _ _ _ _ _ _ _ _

s = 'Name,Father Name,Address', d = 'temp', f = 'file.csv'

    def write_str_and_get_date(s, d, f):
        import os
        write_str_to_file(s, d, f)
>       res = read_data(d, f)
E       NameError: name 'read_data' is not defined

test_student.py:61: NameError
______________________________ test_read_data_s3 ______________________________

    def test_read_data_s3():
        s = "Name,Father Name,Address\nAli,Khayam,'H, 21, Street 2'"
>       res = write_str_and_get_date(s, 'temp', 'file.csv')

test_student.py:74: 
_ _ _ _ _ _ _ _ _ _ _ _ _ _ _ _ _ _ _ _ _ _ _ _ _ _ _ _ _ _ _ _ _ _ _ _ _ _ _ _

s = "Name,Father Name,Address\nAli,Khayam,'H, 21, Street 2'", d = 'temp'
f = 'file.csv'

    def write_str_and_get_date(s, d, f):
        import os
        write_str_to_file(s, d, f)
>       res = read_data(d, f)
E       NameError: name 'read_data' is not defined

test_student.py:61: NameError
===================== 5 failed, 3 passed in 0.17 seconds ======================
============================= test session starts =============================
platform win32 -- Python 3.6.5, pytest-3.8.1, py-1.5.3, pluggy-0.7.1
rootdir: D:\Semester 4\PF\Assignments\a7, inifile:
plugins: timeout-1.3.2, remotedata-0.2.1, openfiles-0.3.0, doctestplus-0.1.3, arraydiff-0.2
timeout: 3.0s
timeout method: thread
timeout func_only: False
collected 8 items

test_student.py ..FF.FFF                                                 [100%]

================================== FAILURES ===================================
_____________________________ test_split_safe_s3 ______________________________

    def test_split_safe_s3():
        res = split_safe("Ali, Tariq,'House 10, Street 20',30")
        exp = ['Ali','Tariq','House 10, Street 20','30']
>       assert res == exp
E       AssertionError: assert ['Ali', ' Tar...eet 20', '30'] == ['Ali', 'Tariq...eet 20', '30']
E         At index 1 diff: ' Tariq' != 'Tariq'
E         Use -v to get the full diff

test_student.py:28: AssertionError
_____________________________ test_split_safe_s4 ______________________________

    def test_split_safe_s4():
>       res = split_safe("")

test_student.py:31: 
_ _ _ _ _ _ _ _ _ _ _ _ _ _ _ _ _ _ _ _ _ _ _ _ _ _ _ _ _ _ _ _ _ _ _ _ _ _ _ _

a = ''

    def split_safe(a):
        list = []
        q = a.split(",")
        c = 0
        co = 0
        while co < len(q):
>           if q[co][c] == "'":
E           IndexError: string index out of range

a07.py:27: IndexError
______________________________ test_read_data_s1 ______________________________

    def test_read_data_s1():
>       res = read_data('', 'file.csv')
E       NameError: name 'read_data' is not defined

test_student.py:42: NameError
______________________________ test_read_data_s2 ______________________________

    def test_read_data_s2():
        s = "Name,Father Name,Address"
>       res = write_str_and_get_date(s, 'temp', 'file.csv')

test_student.py:68: 
_ _ _ _ _ _ _ _ _ _ _ _ _ _ _ _ _ _ _ _ _ _ _ _ _ _ _ _ _ _ _ _ _ _ _ _ _ _ _ _

s = 'Name,Father Name,Address', d = 'temp', f = 'file.csv'

    def write_str_and_get_date(s, d, f):
        import os
        write_str_to_file(s, d, f)
>       res = read_data(d, f)
E       NameError: name 'read_data' is not defined

test_student.py:61: NameError
______________________________ test_read_data_s3 ______________________________

    def test_read_data_s3():
        s = "Name,Father Name,Address\nAli,Khayam,'H, 21, Street 2'"
>       res = write_str_and_get_date(s, 'temp', 'file.csv')

test_student.py:74: 
_ _ _ _ _ _ _ _ _ _ _ _ _ _ _ _ _ _ _ _ _ _ _ _ _ _ _ _ _ _ _ _ _ _ _ _ _ _ _ _

s = "Name,Father Name,Address\nAli,Khayam,'H, 21, Street 2'", d = 'temp'
f = 'file.csv'

    def write_str_and_get_date(s, d, f):
        import os
        write_str_to_file(s, d, f)
>       res = read_data(d, f)
E       NameError: name 'read_data' is not defined

test_student.py:61: NameError
===================== 5 failed, 3 passed in 0.16 seconds ======================
============================= test session starts =============================
platform win32 -- Python 3.6.5, pytest-3.8.1, py-1.5.3, pluggy-0.7.1
rootdir: D:\Semester 4\PF\Assignments\a7, inifile:
plugins: timeout-1.3.2, remotedata-0.2.1, openfiles-0.3.0, doctestplus-0.1.3, arraydiff-0.2
timeout: 3.0s
timeout method: thread
timeout func_only: False
collected 0 items / 1 errors

=================================== ERRORS ====================================
______________________ ERROR collecting test_student.py _______________________
C:\Users\DELL\Anaconda3\lib\site-packages\_pytest\python.py:482: in _importtestmodule
    mod = self.fspath.pyimport(ensuresyspath=importmode)
C:\Users\DELL\Anaconda3\lib\site-packages\py\_path\local.py:668: in pyimport
    __import__(modname)
<frozen importlib._bootstrap>:971: in _find_and_load
    ???
<frozen importlib._bootstrap>:955: in _find_and_load_unlocked
    ???
<frozen importlib._bootstrap>:656: in _load_unlocked
    ???
<frozen importlib._bootstrap>:626: in _load_backward_compatible
    ???
C:\Users\DELL\Anaconda3\lib\site-packages\_pytest\assertion\rewrite.py:290: in load_module
    six.exec_(co, mod.__dict__)
test_student.py:2: in <module>
    from a07 import read_data
E     File "D:\Semester 4\PF\Assignments\a7\a07.py", line 62
E       def read_data(x,y, z = False)
E                                   ^
E   SyntaxError: invalid syntax
!!!!!!!!!!!!!!!!!!! Interrupted: 1 errors during collection !!!!!!!!!!!!!!!!!!!
=========================== 1 error in 0.58 seconds ===========================
============================= test session starts =============================
platform win32 -- Python 3.6.5, pytest-3.8.1, py-1.5.3, pluggy-0.7.1
rootdir: D:\Semester 4\PF\Assignments\a7, inifile:
plugins: timeout-1.3.2, remotedata-0.2.1, openfiles-0.3.0, doctestplus-0.1.3, arraydiff-0.2
timeout: 3.0s
timeout method: thread
timeout func_only: False
collected 8 items

test_student.py ..FF.FFF                                                 [100%]

================================== FAILURES ===================================
_____________________________ test_split_safe_s3 ______________________________

    def test_split_safe_s3():
        res = split_safe("Ali, Tariq,'House 10, Street 20',30")
        exp = ['Ali','Tariq','House 10, Street 20','30']
>       assert res == exp
E       AssertionError: assert ['Ali', ' Tar...eet 20', '30'] == ['Ali', 'Tariq...eet 20', '30']
E         At index 1 diff: ' Tariq' != 'Tariq'
E         Use -v to get the full diff

test_student.py:28: AssertionError
_____________________________ test_split_safe_s4 ______________________________

    def test_split_safe_s4():
>       res = split_safe("")

test_student.py:31: 
_ _ _ _ _ _ _ _ _ _ _ _ _ _ _ _ _ _ _ _ _ _ _ _ _ _ _ _ _ _ _ _ _ _ _ _ _ _ _ _

a = ''

    def split_safe(a):
        list = []
        q = a.split(",")
        c = 0
        co = 0
        while co < len(q):
>           if q[co][c] == "'":
E           IndexError: string index out of range

a07.py:27: IndexError
______________________________ test_read_data_s1 ______________________________

    def test_read_data_s1():
        res = read_data('', 'file.csv')
        exp = [['Name', 'Father Name', 'Address', 'Age'],
               ['Ali', 'Farooq', 'Street 10, Sector E2, Phase1', '34'],
               ['Bilal', 'Khan', 'Sector E3, Phase1', '76'],
               ['Khan','Ajmal', 'Nowhere', '65']]
>       assert res == exp
E       AssertionError: assert 5 == [['Name', 'Father Name', 'Address', 'Age'], ['Ali', 'Farooq', 'Street 10, Sector E2, Phase1', '34'], ['Bilal', 'Khan', 'Sector E3, Phase1', '76'], ['Khan', 'Ajmal', 'Nowhere', '65']]

test_student.py:47: AssertionError
______________________________ test_read_data_s2 ______________________________

    def test_read_data_s2():
        s = "Name,Father Name,Address"
        res = write_str_and_get_date(s, 'temp', 'file.csv')
        exp = [['Name', 'Father Name', 'Address']]
>       assert res == exp
E       AssertionError: assert 1 == [['Name', 'Father Name', 'Address']]

test_student.py:70: AssertionError
______________________________ test_read_data_s3 ______________________________

    def test_read_data_s3():
        s = "Name,Father Name,Address\nAli,Khayam,'H, 21, Street 2'"
        res = write_str_and_get_date(s, 'temp', 'file.csv')
        exp = [['Name', 'Father Name', 'Address'],
               ['Ali', 'Khayam', 'H, 21, Street 2']]
>       assert res == exp
E       AssertionError: assert 2 == [['Name', 'Father Name', 'Address'], ['Ali', 'Khayam', 'H, 21, Street 2']]

test_student.py:77: AssertionError
===================== 5 failed, 3 passed in 0.14 seconds ======================
============================= test session starts =============================
platform win32 -- Python 3.6.5, pytest-3.8.1, py-1.5.3, pluggy-0.7.1
rootdir: D:\Semester 4\PF\Assignments\a7, inifile:
plugins: timeout-1.3.2, remotedata-0.2.1, openfiles-0.3.0, doctestplus-0.1.3, arraydiff-0.2
timeout: 3.0s
timeout method: thread
timeout func_only: False
collected 8 items

test_student.py ..FF.FFF                                                 [100%]

================================== FAILURES ===================================
_____________________________ test_split_safe_s3 ______________________________

    def test_split_safe_s3():
        res = split_safe("Ali, Tariq,'House 10, Street 20',30")
        exp = ['Ali','Tariq','House 10, Street 20','30']
>       assert res == exp
E       AssertionError: assert ['Ali', ' Tar...eet 20', '30'] == ['Ali', 'Tariq...eet 20', '30']
E         At index 1 diff: ' Tariq' != 'Tariq'
E         Use -v to get the full diff

test_student.py:28: AssertionError
_____________________________ test_split_safe_s4 ______________________________

    def test_split_safe_s4():
>       res = split_safe("")

test_student.py:31: 
_ _ _ _ _ _ _ _ _ _ _ _ _ _ _ _ _ _ _ _ _ _ _ _ _ _ _ _ _ _ _ _ _ _ _ _ _ _ _ _

a = ''

    def split_safe(a):
        list = []
        q = a.split(",")
        c = 0
        co = 0
        while co < len(q):
>           if q[co][c] == "'":
E           IndexError: string index out of range

a07.py:27: IndexError
______________________________ test_read_data_s1 ______________________________

    def test_read_data_s1():
        res = read_data('', 'file.csv')
        exp = [['Name', 'Father Name', 'Address', 'Age'],
               ['Ali', 'Farooq', 'Street 10, Sector E2, Phase1', '34'],
               ['Bilal', 'Khan', 'Sector E3, Phase1', '76'],
               ['Khan','Ajmal', 'Nowhere', '65']]
>       assert res == exp
E       assert ['Name', 'Fat...reet 10", ...] == [['Name', 'Fat...where', '65']]
E         At index 0 diff: 'Name' != ['Name', 'Father Name', 'Address', 'Age']
E         Left contains more items, first extra item: 'Farooq'
E         Use -v to get the full diff

test_student.py:47: AssertionError
______________________________ test_read_data_s2 ______________________________

    def test_read_data_s2():
        s = "Name,Father Name,Address"
        res = write_str_and_get_date(s, 'temp', 'file.csv')
        exp = [['Name', 'Father Name', 'Address']]
>       assert res == exp
E       AssertionError: assert ['Name', 'Fat...e', 'Address'] == [['Name', 'Fat...', 'Address']]
E         At index 0 diff: 'Name' != ['Name', 'Father Name', 'Address']
E         Left contains more items, first extra item: 'Father Name'
E         Use -v to get the full diff

test_student.py:70: AssertionError
______________________________ test_read_data_s3 ______________________________

    def test_read_data_s3():
        s = "Name,Father Name,Address\nAli,Khayam,'H, 21, Street 2'"
        res = write_str_and_get_date(s, 'temp', 'file.csv')
        exp = [['Name', 'Father Name', 'Address'],
               ['Ali', 'Khayam', 'H, 21, Street 2']]
>       assert res == exp
E       assert ['Name', 'Fat...", ' 21', ...] == [['Name', 'Fat...1, Street 2']]
E         At index 0 diff: 'Name' != ['Name', 'Father Name', 'Address']
E         Left contains more items, first extra item: 'Address\nAli'
E         Use -v to get the full diff

test_student.py:77: AssertionError
===================== 5 failed, 3 passed in 0.15 seconds ======================
============================= test session starts =============================
platform win32 -- Python 3.6.5, pytest-3.8.1, py-1.5.3, pluggy-0.7.1
rootdir: D:\Semester 4\PF\Assignments\a7, inifile:
plugins: timeout-1.3.2, remotedata-0.2.1, openfiles-0.3.0, doctestplus-0.1.3, arraydiff-0.2
timeout: 3.0s
timeout method: thread
timeout func_only: False
collected 8 items

test_student.py ..FF.FFF                                                 [100%]

================================== FAILURES ===================================
_____________________________ test_split_safe_s3 ______________________________

    def test_split_safe_s3():
        res = split_safe("Ali, Tariq,'House 10, Street 20',30")
        exp = ['Ali','Tariq','House 10, Street 20','30']
>       assert res == exp
E       AssertionError: assert ['Ali', ' Tar...eet 20', '30'] == ['Ali', 'Tariq...eet 20', '30']
E         At index 1 diff: ' Tariq' != 'Tariq'
E         Use -v to get the full diff

test_student.py:28: AssertionError
_____________________________ test_split_safe_s4 ______________________________

    def test_split_safe_s4():
>       res = split_safe("")

test_student.py:31: 
_ _ _ _ _ _ _ _ _ _ _ _ _ _ _ _ _ _ _ _ _ _ _ _ _ _ _ _ _ _ _ _ _ _ _ _ _ _ _ _

a = ''

    def split_safe(a):
        list = []
        q = a.split(",")
        c = 0
        co = 0
        while co < len(q):
>           if q[co][c] == "'":
E           IndexError: string index out of range

a07.py:27: IndexError
______________________________ test_read_data_s1 ______________________________

    def test_read_data_s1():
        res = read_data('', 'file.csv')
        exp = [['Name', 'Father Name', 'Address', 'Age'],
               ['Ali', 'Farooq', 'Street 10, Sector E2, Phase1', '34'],
               ['Bilal', 'Khan', 'Sector E3, Phase1', '76'],
               ['Khan','Ajmal', 'Nowhere', '65']]
>       assert res == exp
E       assert ['Name', 'Fat...reet 10", ...] == [['Name', 'Fat...where', '65']]
E         At index 0 diff: 'Name' != ['Name', 'Father Name', 'Address', 'Age']
E         Left contains more items, first extra item: 'Farooq'
E         Use -v to get the full diff

test_student.py:47: AssertionError
______________________________ test_read_data_s2 ______________________________

    def test_read_data_s2():
        s = "Name,Father Name,Address"
        res = write_str_and_get_date(s, 'temp', 'file.csv')
        exp = [['Name', 'Father Name', 'Address']]
>       assert res == exp
E       AssertionError: assert ['Name', 'Fat...e', 'Address'] == [['Name', 'Fat...', 'Address']]
E         At index 0 diff: 'Name' != ['Name', 'Father Name', 'Address']
E         Left contains more items, first extra item: 'Father Name'
E         Use -v to get the full diff

test_student.py:70: AssertionError
______________________________ test_read_data_s3 ______________________________

    def test_read_data_s3():
        s = "Name,Father Name,Address\nAli,Khayam,'H, 21, Street 2'"
        res = write_str_and_get_date(s, 'temp', 'file.csv')
        exp = [['Name', 'Father Name', 'Address'],
               ['Ali', 'Khayam', 'H, 21, Street 2']]
>       assert res == exp
E       assert ['Name', 'Fat...", ' 21', ...] == [['Name', 'Fat...1, Street 2']]
E         At index 0 diff: 'Name' != ['Name', 'Father Name', 'Address']
E         Left contains more items, first extra item: 'Address\nAli'
E         Use -v to get the full diff

test_student.py:77: AssertionError
===================== 5 failed, 3 passed in 0.27 seconds ======================
============================= test session starts =============================
platform win32 -- Python 3.6.5, pytest-3.8.1, py-1.5.3, pluggy-0.7.1
rootdir: D:\Semester 4\PF\Assignments\a7, inifile:
plugins: timeout-1.3.2, remotedata-0.2.1, openfiles-0.3.0, doctestplus-0.1.3, arraydiff-0.2
timeout: 3.0s
timeout method: thread
timeout func_only: False
collected 8 items

test_student.py ..FF.FFF                                                 [100%]

================================== FAILURES ===================================
_____________________________ test_split_safe_s3 ______________________________

    def test_split_safe_s3():
        res = split_safe("Ali, Tariq,'House 10, Street 20',30")
        exp = ['Ali','Tariq','House 10, Street 20','30']
>       assert res == exp
E       AssertionError: assert ['Ali', ' Tar...eet 20', '30'] == ['Ali', 'Tariq...eet 20', '30']
E         At index 1 diff: ' Tariq' != 'Tariq'
E         Use -v to get the full diff

test_student.py:28: AssertionError
_____________________________ test_split_safe_s4 ______________________________

    def test_split_safe_s4():
>       res = split_safe("")

test_student.py:31: 
_ _ _ _ _ _ _ _ _ _ _ _ _ _ _ _ _ _ _ _ _ _ _ _ _ _ _ _ _ _ _ _ _ _ _ _ _ _ _ _

a = ''

    def split_safe(a):
        list = []
        q = a.split(",")
        c = 0
        co = 0
        while co < len(q):
>           if q[co][c] == "'":
E           IndexError: string index out of range

a07.py:27: IndexError
______________________________ test_read_data_s1 ______________________________

    def test_read_data_s1():
        res = read_data('', 'file.csv')
        exp = [['Name', 'Father Name', 'Address', 'Age'],
               ['Ali', 'Farooq', 'Street 10, Sector E2, Phase1', '34'],
               ['Bilal', 'Khan', 'Sector E3, Phase1', '76'],
               ['Khan','Ajmal', 'Nowhere', '65']]
>       assert res == exp
E       assert ['Name', 'Fat...reet 10", ...] == [['Name', 'Fat...where', '65']]
E         At index 0 diff: 'Name' != ['Name', 'Father Name', 'Address', 'Age']
E         Left contains more items, first extra item: 'Farooq'
E         Use -v to get the full diff

test_student.py:47: AssertionError
______________________________ test_read_data_s2 ______________________________

    def test_read_data_s2():
        s = "Name,Father Name,Address"
        res = write_str_and_get_date(s, 'temp', 'file.csv')
        exp = [['Name', 'Father Name', 'Address']]
>       assert res == exp
E       AssertionError: assert ['Name', 'Fat...e', 'Address'] == [['Name', 'Fat...', 'Address']]
E         At index 0 diff: 'Name' != ['Name', 'Father Name', 'Address']
E         Left contains more items, first extra item: 'Father Name'
E         Use -v to get the full diff

test_student.py:70: AssertionError
______________________________ test_read_data_s3 ______________________________

    def test_read_data_s3():
        s = "Name,Father Name,Address\nAli,Khayam,'H, 21, Street 2'"
        res = write_str_and_get_date(s, 'temp', 'file.csv')
        exp = [['Name', 'Father Name', 'Address'],
               ['Ali', 'Khayam', 'H, 21, Street 2']]
>       assert res == exp
E       assert ['Name', 'Fat...", ' 21', ...] == [['Name', 'Fat...1, Street 2']]
E         At index 0 diff: 'Name' != ['Name', 'Father Name', 'Address']
E         Left contains more items, first extra item: 'Address\nAli'
E         Use -v to get the full diff

test_student.py:77: AssertionError
===================== 5 failed, 3 passed in 0.14 seconds ======================
============================= test session starts =============================
platform win32 -- Python 3.6.5, pytest-3.8.1, py-1.5.3, pluggy-0.7.1
rootdir: D:\Semester 4\PF\Assignments\a7, inifile:
plugins: timeout-1.3.2, remotedata-0.2.1, openfiles-0.3.0, doctestplus-0.1.3, arraydiff-0.2
timeout: 3.0s
timeout method: thread
timeout func_only: False
collected 8 items

test_student.py ..FF.FFF                                                 [100%]

================================== FAILURES ===================================
_____________________________ test_split_safe_s3 ______________________________

    def test_split_safe_s3():
        res = split_safe("Ali, Tariq,'House 10, Street 20',30")
        exp = ['Ali','Tariq','House 10, Street 20','30']
>       assert res == exp
E       AssertionError: assert ['Ali', ' Tar...eet 20', '30'] == ['Ali', 'Tariq...eet 20', '30']
E         At index 1 diff: ' Tariq' != 'Tariq'
E         Use -v to get the full diff

test_student.py:28: AssertionError
_____________________________ test_split_safe_s4 ______________________________

    def test_split_safe_s4():
>       res = split_safe("")

test_student.py:31: 
_ _ _ _ _ _ _ _ _ _ _ _ _ _ _ _ _ _ _ _ _ _ _ _ _ _ _ _ _ _ _ _ _ _ _ _ _ _ _ _

a = ''

    def split_safe(a):
        list = []
        q = a.split(",")
        c = 0
        co = 0
        while co < len(q):
>           if q[co][c] == "'":
E           IndexError: string index out of range

a07.py:27: IndexError
______________________________ test_read_data_s1 ______________________________

    def test_read_data_s1():
        res = read_data('', 'file.csv')
        exp = [['Name', 'Father Name', 'Address', 'Age'],
               ['Ali', 'Farooq', 'Street 10, Sector E2, Phase1', '34'],
               ['Bilal', 'Khan', 'Sector E3, Phase1', '76'],
               ['Khan','Ajmal', 'Nowhere', '65']]
>       assert res == exp
E       assert ['Ali', 'Faro...\nBilal', ...] == [['Name', 'Fat...where', '65']]
E         At index 0 diff: 'Ali' != ['Name', 'Father Name', 'Address', 'Age']
E         Left contains more items, first extra item: " Phase1'"
E         Use -v to get the full diff

test_student.py:47: AssertionError
______________________________ test_read_data_s2 ______________________________

    def test_read_data_s2():
        s = "Name,Father Name,Address"
        res = write_str_and_get_date(s, 'temp', 'file.csv')
        exp = [['Name', 'Father Name', 'Address']]
>       assert res == exp
E       AssertionError: assert [''] == [['Name', 'Father Name', 'Address']]
E         At index 0 diff: '' != ['Name', 'Father Name', 'Address']
E         Use -v to get the full diff

test_student.py:70: AssertionError
______________________________ test_read_data_s3 ______________________________

    def test_read_data_s3():
        s = "Name,Father Name,Address\nAli,Khayam,'H, 21, Street 2'"
        res = write_str_and_get_date(s, 'temp', 'file.csv')
        exp = [['Name', 'Father Name', 'Address'],
               ['Ali', 'Khayam', 'H, 21, Street 2']]
>       assert res == exp
E       assert ['Ali', 'Khay... " Street 2'"] == [['Name', 'Fat...1, Street 2']]
E         At index 0 diff: 'Ali' != ['Name', 'Father Name', 'Address']
E         Left contains more items, first extra item: "'H"
E         Use -v to get the full diff

test_student.py:77: AssertionError
===================== 5 failed, 3 passed in 0.19 seconds ======================
============================= test session starts =============================
platform win32 -- Python 3.6.5, pytest-3.8.1, py-1.5.3, pluggy-0.7.1
rootdir: D:\Semester 4\PF\Assignments\a7, inifile:
plugins: timeout-1.3.2, remotedata-0.2.1, openfiles-0.3.0, doctestplus-0.1.3, arraydiff-0.2
timeout: 3.0s
timeout method: thread
timeout func_only: False
collected 8 items

test_student.py ..FF.FFF                                                 [100%]

================================== FAILURES ===================================
_____________________________ test_split_safe_s3 ______________________________

    def test_split_safe_s3():
        res = split_safe("Ali, Tariq,'House 10, Street 20',30")
        exp = ['Ali','Tariq','House 10, Street 20','30']
>       assert res == exp
E       AssertionError: assert ['Ali', ' Tar...eet 20', '30'] == ['Ali', 'Tariq...eet 20', '30']
E         At index 1 diff: ' Tariq' != 'Tariq'
E         Use -v to get the full diff

test_student.py:28: AssertionError
_____________________________ test_split_safe_s4 ______________________________

    def test_split_safe_s4():
>       res = split_safe("")

test_student.py:31: 
_ _ _ _ _ _ _ _ _ _ _ _ _ _ _ _ _ _ _ _ _ _ _ _ _ _ _ _ _ _ _ _ _ _ _ _ _ _ _ _

a = ''

    def split_safe(a):
        list = []
        q = a.split(",")
        c = 0
        co = 0
        while co < len(q):
>           if q[co][c] == "'":
E           IndexError: string index out of range

a07.py:27: IndexError
______________________________ test_read_data_s1 ______________________________

    def test_read_data_s1():
>       res = read_data('', 'file.csv')

test_student.py:42: 
_ _ _ _ _ _ _ _ _ _ _ _ _ _ _ _ _ _ _ _ _ _ _ _ _ _ _ _ _ _ _ _ _ _ _ _ _ _ _ _

x = '', y = 'file.csv', z = False

    def read_data(x,y, z = False):
    	filename = os.path.join(x,y)
    	data = []
    	with open(filename, 'r') as f:
    		for lines in f:
>   			p = line.rstrip().split(',')
E      NameError: name 'line' is not defined

a07.py:67: NameError
______________________________ test_read_data_s2 ______________________________

    def test_read_data_s2():
        s = "Name,Father Name,Address"
>       res = write_str_and_get_date(s, 'temp', 'file.csv')

test_student.py:68: 
_ _ _ _ _ _ _ _ _ _ _ _ _ _ _ _ _ _ _ _ _ _ _ _ _ _ _ _ _ _ _ _ _ _ _ _ _ _ _ _
test_student.py:61: in write_str_and_get_date
    res = read_data(d, f)
_ _ _ _ _ _ _ _ _ _ _ _ _ _ _ _ _ _ _ _ _ _ _ _ _ _ _ _ _ _ _ _ _ _ _ _ _ _ _ _

x = 'temp', y = 'file.csv', z = False

    def read_data(x,y, z = False):
    	filename = os.path.join(x,y)
    	data = []
    	with open(filename, 'r') as f:
    		for lines in f:
>   			p = line.rstrip().split(',')
E      NameError: name 'line' is not defined

a07.py:67: NameError
______________________________ test_read_data_s3 ______________________________

    def test_read_data_s3():
        s = "Name,Father Name,Address\nAli,Khayam,'H, 21, Street 2'"
>       res = write_str_and_get_date(s, 'temp', 'file.csv')

test_student.py:74: 
_ _ _ _ _ _ _ _ _ _ _ _ _ _ _ _ _ _ _ _ _ _ _ _ _ _ _ _ _ _ _ _ _ _ _ _ _ _ _ _
test_student.py:61: in write_str_and_get_date
    res = read_data(d, f)
_ _ _ _ _ _ _ _ _ _ _ _ _ _ _ _ _ _ _ _ _ _ _ _ _ _ _ _ _ _ _ _ _ _ _ _ _ _ _ _

x = 'temp', y = 'file.csv', z = False

    def read_data(x,y, z = False):
    	filename = os.path.join(x,y)
    	data = []
    	with open(filename, 'r') as f:
    		for lines in f:
>   			p = line.rstrip().split(',')
E      NameError: name 'line' is not defined

a07.py:67: NameError
===================== 5 failed, 3 passed in 0.15 seconds ======================
============================= test session starts =============================
platform win32 -- Python 3.6.5, pytest-3.8.1, py-1.5.3, pluggy-0.7.1
rootdir: D:\Semester 4\PF\Assignments\a7, inifile:
plugins: timeout-1.3.2, remotedata-0.2.1, openfiles-0.3.0, doctestplus-0.1.3, arraydiff-0.2
timeout: 3.0s
timeout method: thread
timeout func_only: False
collected 8 items

test_student.py ..FF.F.F                                                 [100%]

================================== FAILURES ===================================
_____________________________ test_split_safe_s3 ______________________________

    def test_split_safe_s3():
        res = split_safe("Ali, Tariq,'House 10, Street 20',30")
        exp = ['Ali','Tariq','House 10, Street 20','30']
>       assert res == exp
E       AssertionError: assert ['Ali', ' Tar...eet 20', '30'] == ['Ali', 'Tariq...eet 20', '30']
E         At index 1 diff: ' Tariq' != 'Tariq'
E         Use -v to get the full diff

test_student.py:28: AssertionError
_____________________________ test_split_safe_s4 ______________________________

    def test_split_safe_s4():
>       res = split_safe("")

test_student.py:31: 
_ _ _ _ _ _ _ _ _ _ _ _ _ _ _ _ _ _ _ _ _ _ _ _ _ _ _ _ _ _ _ _ _ _ _ _ _ _ _ _

a = ''

    def split_safe(a):
        list = []
        q = a.split(",")
        c = 0
        co = 0
        while co < len(q):
>           if q[co][c] == "'":
E           IndexError: string index out of range

a07.py:27: IndexError
______________________________ test_read_data_s1 ______________________________

    def test_read_data_s1():
        res = read_data('', 'file.csv')
        exp = [['Name', 'Father Name', 'Address', 'Age'],
               ['Ali', 'Farooq', 'Street 10, Sector E2, Phase1', '34'],
               ['Bilal', 'Khan', 'Sector E3, Phase1', '76'],
               ['Khan','Ajmal', 'Nowhere', '65']]
>       assert res == exp
E       assert [['Name', 'Fa...where', '65']] == [['Name', 'Fat...where', '65']]
E         At index 1 diff: ['Ali', 'Farooq', "'Street 10", ' Sector E2', " Phase1'", '34'] != ['Ali', 'Farooq', 'Street 10, Sector E2, Phase1', '34']
E         Use -v to get the full diff

test_student.py:47: AssertionError
______________________________ test_read_data_s3 ______________________________

    def test_read_data_s3():
        s = "Name,Father Name,Address\nAli,Khayam,'H, 21, Street 2'"
        res = write_str_and_get_date(s, 'temp', 'file.csv')
        exp = [['Name', 'Father Name', 'Address'],
               ['Ali', 'Khayam', 'H, 21, Street 2']]
>       assert res == exp
E       assert [['Name', 'Fa..." Street 2'"]] == [['Name', 'Fat...1, Street 2']]
E         At index 1 diff: ['Ali', 'Khayam', "'H", ' 21', " Street 2'"] != ['Ali', 'Khayam', 'H, 21, Street 2']
E         Use -v to get the full diff

test_student.py:77: AssertionError
===================== 4 failed, 4 passed in 0.14 seconds ======================
============================= test session starts =============================
platform win32 -- Python 3.6.5, pytest-3.8.1, py-1.5.3, pluggy-0.7.1
rootdir: D:\Semester 4\PF\Assignments\a7, inifile:
plugins: timeout-1.3.2, remotedata-0.2.1, openfiles-0.3.0, doctestplus-0.1.3, arraydiff-0.2
timeout: 3.0s
timeout method: thread
timeout func_only: False
collected 8 items

test_student.py ..FF.F.F                                                 [100%]

================================== FAILURES ===================================
_____________________________ test_split_safe_s3 ______________________________

    def test_split_safe_s3():
        res = split_safe("Ali, Tariq,'House 10, Street 20',30")
        exp = ['Ali','Tariq','House 10, Street 20','30']
>       assert res == exp
E       AssertionError: assert ['Ali', ' Tar...eet 20', '30'] == ['Ali', 'Tariq...eet 20', '30']
E         At index 1 diff: ' Tariq' != 'Tariq'
E         Use -v to get the full diff

test_student.py:28: AssertionError
_____________________________ test_split_safe_s4 ______________________________

    def test_split_safe_s4():
>       res = split_safe("")

test_student.py:31: 
_ _ _ _ _ _ _ _ _ _ _ _ _ _ _ _ _ _ _ _ _ _ _ _ _ _ _ _ _ _ _ _ _ _ _ _ _ _ _ _

a = ''

    def split_safe(a):
        list = []
        q = a.split(",")
        c = 0
        co = 0
        while co < len(q):
>           if q[co][c] == "'":
E           IndexError: string index out of range

a07.py:27: IndexError
______________________________ test_read_data_s1 ______________________________

    def test_read_data_s1():
        res = read_data('', 'file.csv')
        exp = [['Name', 'Father Name', 'Address', 'Age'],
               ['Ali', 'Farooq', 'Street 10, Sector E2, Phase1', '34'],
               ['Bilal', 'Khan', 'Sector E3, Phase1', '76'],
               ['Khan','Ajmal', 'Nowhere', '65']]
>       assert res == exp
E       AssertionError: assert [['Name', 'Fa...ere', '65\n']] == [['Name', 'Fat...where', '65']]
E         At index 0 diff: ['Name', 'Father Name', 'Address', 'Age\n'] != ['Name', 'Father Name', 'Address', 'Age']
E         Use -v to get the full diff

test_student.py:47: AssertionError
______________________________ test_read_data_s3 ______________________________

    def test_read_data_s3():
        s = "Name,Father Name,Address\nAli,Khayam,'H, 21, Street 2'"
        res = write_str_and_get_date(s, 'temp', 'file.csv')
        exp = [['Name', 'Father Name', 'Address'],
               ['Ali', 'Khayam', 'H, 21, Street 2']]
>       assert res == exp
E       AssertionError: assert [['Name', 'Fa...et 2', ' 21']] == [['Name', 'Fat...1, Street 2']]
E         At index 0 diff: ['Name', 'Father Name', 'Address\n'] != ['Name', 'Father Name', 'Address']
E         Use -v to get the full diff

test_student.py:77: AssertionError
===================== 4 failed, 4 passed in 0.16 seconds ======================
============================= test session starts =============================
platform win32 -- Python 3.6.5, pytest-3.8.1, py-1.5.3, pluggy-0.7.1
rootdir: D:\Semester 4\PF\Assignments\a7, inifile:
plugins: timeout-1.3.2, remotedata-0.2.1, openfiles-0.3.0, doctestplus-0.1.3, arraydiff-0.2
timeout: 3.0s
timeout method: thread
timeout func_only: False
collected 8 items

test_student.py ..FF.FFF                                                 [100%]

================================== FAILURES ===================================
_____________________________ test_split_safe_s3 ______________________________

    def test_split_safe_s3():
        res = split_safe("Ali, Tariq,'House 10, Street 20',30")
        exp = ['Ali','Tariq','House 10, Street 20','30']
>       assert res == exp
E       AssertionError: assert ['Ali', ' Tar...eet 20', '30'] == ['Ali', 'Tariq...eet 20', '30']
E         At index 1 diff: ' Tariq' != 'Tariq'
E         Use -v to get the full diff

test_student.py:28: AssertionError
_____________________________ test_split_safe_s4 ______________________________

    def test_split_safe_s4():
>       res = split_safe("")

test_student.py:31: 
_ _ _ _ _ _ _ _ _ _ _ _ _ _ _ _ _ _ _ _ _ _ _ _ _ _ _ _ _ _ _ _ _ _ _ _ _ _ _ _

a = ''

    def split_safe(a):
        list = []
        q = a.split(",")
        c = 0
        co = 0
        while co < len(q):
>           if q[co][c] == "'":
E           IndexError: string index out of range

a07.py:27: IndexError
______________________________ test_read_data_s1 ______________________________

    def test_read_data_s1():
        res = read_data('', 'file.csv')
        exp = [['Name', 'Father Name', 'Address', 'Age'],
               ['Ali', 'Farooq', 'Street 10, Sector E2, Phase1', '34'],
               ['Bilal', 'Khan', 'Sector E3, Phase1', '76'],
               ['Khan','Ajmal', 'Nowhere', '65']]
>       assert res == exp
E       AssertionError: assert [['Name,Fathe...,Nowhere,65']] == [['Name', 'Fat...where', '65']]
E         At index 0 diff: ['Name,Father Name,Address,Age'] != ['Name', 'Father Name', 'Address', 'Age']
E         Use -v to get the full diff

test_student.py:47: AssertionError
______________________________ test_read_data_s2 ______________________________

    def test_read_data_s2():
        s = "Name,Father Name,Address"
        res = write_str_and_get_date(s, 'temp', 'file.csv')
        exp = [['Name', 'Father Name', 'Address']]
>       assert res == exp
E       AssertionError: assert [['Name,Father Name,Address']] == [['Name', 'Fat...', 'Address']]
E         At index 0 diff: ['Name,Father Name,Address'] != ['Name', 'Father Name', 'Address']
E         Use -v to get the full diff

test_student.py:70: AssertionError
______________________________ test_read_data_s3 ______________________________

    def test_read_data_s3():
        s = "Name,Father Name,Address\nAli,Khayam,'H, 21, Street 2'"
        res = write_str_and_get_date(s, 'temp', 'file.csv')
        exp = [['Name', 'Father Name', 'Address'],
               ['Ali', 'Khayam', 'H, 21, Street 2']]
>       assert res == exp
E       assert [['Name,Fathe..., Street 2'"]] == [['Name', 'Fat...1, Street 2']]
E         At index 0 diff: ['Name,Father Name,Address'] != ['Name', 'Father Name', 'Address']
E         Use -v to get the full diff

test_student.py:77: AssertionError
============================== warnings summary ===============================
D:\Semester 4\PF\Assignments\a7\a07.py:67: DeprecationWarning: invalid escape sequence \,
  p = lines.rstrip().split('\,\'')

source:67: DeprecationWarning: invalid escape sequence \,

-- Docs: https://docs.pytest.org/en/latest/warnings.html
=============== 5 failed, 3 passed, 2 warnings in 0.14 seconds ================
============================= test session starts =============================
platform win32 -- Python 3.6.5, pytest-3.8.1, py-1.5.3, pluggy-0.7.1
rootdir: D:\Semester 4\PF\Assignments\a7, inifile:
plugins: timeout-1.3.2, remotedata-0.2.1, openfiles-0.3.0, doctestplus-0.1.3, arraydiff-0.2
timeout: 3.0s
timeout method: thread
timeout func_only: False
collected 8 items

test_student.py ..FF.FFF                                                 [100%]

================================== FAILURES ===================================
_____________________________ test_split_safe_s3 ______________________________

    def test_split_safe_s3():
        res = split_safe("Ali, Tariq,'House 10, Street 20',30")
        exp = ['Ali','Tariq','House 10, Street 20','30']
>       assert res == exp
E       AssertionError: assert ['Ali', ' Tar...eet 20', '30'] == ['Ali', 'Tariq...eet 20', '30']
E         At index 1 diff: ' Tariq' != 'Tariq'
E         Use -v to get the full diff

test_student.py:28: AssertionError
_____________________________ test_split_safe_s4 ______________________________

    def test_split_safe_s4():
>       res = split_safe("")

test_student.py:31: 
_ _ _ _ _ _ _ _ _ _ _ _ _ _ _ _ _ _ _ _ _ _ _ _ _ _ _ _ _ _ _ _ _ _ _ _ _ _ _ _

a = ''

    def split_safe(a):
        list = []
        q = a.split(",")
        c = 0
        co = 0
        while co < len(q):
>           if q[co][c] == "'":
E           IndexError: string index out of range

a07.py:27: IndexError
______________________________ test_read_data_s1 ______________________________

    def test_read_data_s1():
>       res = read_data('', 'file.csv')

test_student.py:42: 
_ _ _ _ _ _ _ _ _ _ _ _ _ _ _ _ _ _ _ _ _ _ _ _ _ _ _ _ _ _ _ _ _ _ _ _ _ _ _ _

x = '', y = 'file.csv', z = False

    def read_data(x,y, z = False):
    	filename = os.path.join(x,y)
    	data = []
    	with open(filename, 'r') as f:
    		for lines in f:
>   			p = lines.rstrip().split(',',"'")
E      TypeError: 'str' object cannot be interpreted as an integer

a07.py:67: TypeError
______________________________ test_read_data_s2 ______________________________

    def test_read_data_s2():
        s = "Name,Father Name,Address"
>       res = write_str_and_get_date(s, 'temp', 'file.csv')

test_student.py:68: 
_ _ _ _ _ _ _ _ _ _ _ _ _ _ _ _ _ _ _ _ _ _ _ _ _ _ _ _ _ _ _ _ _ _ _ _ _ _ _ _
test_student.py:61: in write_str_and_get_date
    res = read_data(d, f)
_ _ _ _ _ _ _ _ _ _ _ _ _ _ _ _ _ _ _ _ _ _ _ _ _ _ _ _ _ _ _ _ _ _ _ _ _ _ _ _

x = 'temp', y = 'file.csv', z = False

    def read_data(x,y, z = False):
    	filename = os.path.join(x,y)
    	data = []
    	with open(filename, 'r') as f:
    		for lines in f:
>   			p = lines.rstrip().split(',',"'")
E      TypeError: 'str' object cannot be interpreted as an integer

a07.py:67: TypeError
______________________________ test_read_data_s3 ______________________________

    def test_read_data_s3():
        s = "Name,Father Name,Address\nAli,Khayam,'H, 21, Street 2'"
>       res = write_str_and_get_date(s, 'temp', 'file.csv')

test_student.py:74: 
_ _ _ _ _ _ _ _ _ _ _ _ _ _ _ _ _ _ _ _ _ _ _ _ _ _ _ _ _ _ _ _ _ _ _ _ _ _ _ _
test_student.py:61: in write_str_and_get_date
    res = read_data(d, f)
_ _ _ _ _ _ _ _ _ _ _ _ _ _ _ _ _ _ _ _ _ _ _ _ _ _ _ _ _ _ _ _ _ _ _ _ _ _ _ _

x = 'temp', y = 'file.csv', z = False

    def read_data(x,y, z = False):
    	filename = os.path.join(x,y)
    	data = []
    	with open(filename, 'r') as f:
    		for lines in f:
>   			p = lines.rstrip().split(',',"'")
E      TypeError: 'str' object cannot be interpreted as an integer

a07.py:67: TypeError
===================== 5 failed, 3 passed in 0.23 seconds ======================
============================= test session starts =============================
platform win32 -- Python 3.6.5, pytest-3.8.1, py-1.5.3, pluggy-0.7.1
rootdir: D:\Semester 4\PF\Assignments\a7, inifile:
plugins: timeout-1.3.2, remotedata-0.2.1, openfiles-0.3.0, doctestplus-0.1.3, arraydiff-0.2
timeout: 3.0s
timeout method: thread
timeout func_only: False
collected 8 items

test_student.py ..FF.F.F                                                 [100%]

================================== FAILURES ===================================
_____________________________ test_split_safe_s3 ______________________________

    def test_split_safe_s3():
        res = split_safe("Ali, Tariq,'House 10, Street 20',30")
        exp = ['Ali','Tariq','House 10, Street 20','30']
>       assert res == exp
E       AssertionError: assert ['Ali', ' Tar...eet 20', '30'] == ['Ali', 'Tariq...eet 20', '30']
E         At index 1 diff: ' Tariq' != 'Tariq'
E         Use -v to get the full diff

test_student.py:28: AssertionError
_____________________________ test_split_safe_s4 ______________________________

    def test_split_safe_s4():
>       res = split_safe("")

test_student.py:31: 
_ _ _ _ _ _ _ _ _ _ _ _ _ _ _ _ _ _ _ _ _ _ _ _ _ _ _ _ _ _ _ _ _ _ _ _ _ _ _ _

a = ''

    def split_safe(a):
        list = []
        q = a.split(",")
        c = 0
        co = 0
        while co < len(q):
>           if q[co][c] == "'":
E           IndexError: string index out of range

a07.py:27: IndexError
______________________________ test_read_data_s1 ______________________________

    def test_read_data_s1():
        res = read_data('', 'file.csv')
        exp = [['Name', 'Father Name', 'Address', 'Age'],
               ['Ali', 'Farooq', 'Street 10, Sector E2, Phase1', '34'],
               ['Bilal', 'Khan', 'Sector E3, Phase1', '76'],
               ['Khan','Ajmal', 'Nowhere', '65']]
>       assert res == exp
E       assert [['Name', 'Fa...where', '65']] == [['Name', 'Fat...where', '65']]
E         At index 1 diff: ['Ali', 'Farooq', "'Street 10", ' Sector E2', " Phase1'", '34'] != ['Ali', 'Farooq', 'Street 10, Sector E2, Phase1', '34']
E         Use -v to get the full diff

test_student.py:47: AssertionError
______________________________ test_read_data_s3 ______________________________

    def test_read_data_s3():
        s = "Name,Father Name,Address\nAli,Khayam,'H, 21, Street 2'"
        res = write_str_and_get_date(s, 'temp', 'file.csv')
        exp = [['Name', 'Father Name', 'Address'],
               ['Ali', 'Khayam', 'H, 21, Street 2']]
>       assert res == exp
E       assert [['Name', 'Fa..." Street 2'"]] == [['Name', 'Fat...1, Street 2']]
E         At index 1 diff: ['Ali', 'Khayam', "'H", ' 21', " Street 2'"] != ['Ali', 'Khayam', 'H, 21, Street 2']
E         Use -v to get the full diff

test_student.py:77: AssertionError
===================== 4 failed, 4 passed in 0.15 seconds ======================
============================= test session starts =============================
platform win32 -- Python 3.6.5, pytest-3.8.1, py-1.5.3, pluggy-0.7.1
rootdir: D:\Semester 4\PF\Assignments\a7, inifile:
plugins: timeout-1.3.2, remotedata-0.2.1, openfiles-0.3.0, doctestplus-0.1.3, arraydiff-0.2
timeout: 3.0s
timeout method: thread
timeout func_only: False
collected 8 items

test_student.py ..FF.FFF                                                 [100%]

================================== FAILURES ===================================
_____________________________ test_split_safe_s3 ______________________________

    def test_split_safe_s3():
        res = split_safe("Ali, Tariq,'House 10, Street 20',30")
        exp = ['Ali','Tariq','House 10, Street 20','30']
>       assert res == exp
E       AssertionError: assert ['Ali', ' Tar...eet 20', '30'] == ['Ali', 'Tariq...eet 20', '30']
E         At index 1 diff: ' Tariq' != 'Tariq'
E         Use -v to get the full diff

test_student.py:28: AssertionError
_____________________________ test_split_safe_s4 ______________________________

    def test_split_safe_s4():
>       res = split_safe("")

test_student.py:31: 
_ _ _ _ _ _ _ _ _ _ _ _ _ _ _ _ _ _ _ _ _ _ _ _ _ _ _ _ _ _ _ _ _ _ _ _ _ _ _ _

a = ''

    def split_safe(a):
        list = []
        q = a.split(",")
        c = 0
        co = 0
        while co < len(q):
>           if q[co][c] == "'":
E           IndexError: string index out of range

a07.py:28: IndexError
______________________________ test_read_data_s1 ______________________________

    def test_read_data_s1():
        res = read_data('', 'file.csv')
        exp = [['Name', 'Father Name', 'Address', 'Age'],
               ['Ali', 'Farooq', 'Street 10, Sector E2, Phase1', '34'],
               ['Bilal', 'Khan', 'Sector E3, Phase1', '76'],
               ['Khan','Ajmal', 'Nowhere', '65']]
>       assert res == exp
E       AssertionError: assert [['Name,Fathe...owhere,65\n']] == [['Name', 'Fat...where', '65']]
E         At index 0 diff: ['Name,Father Name,Address,Age\n'] != ['Name', 'Father Name', 'Address', 'Age']
E         Use -v to get the full diff

test_student.py:47: AssertionError
______________________________ test_read_data_s2 ______________________________

    def test_read_data_s2():
        s = "Name,Father Name,Address"
        res = write_str_and_get_date(s, 'temp', 'file.csv')
        exp = [['Name', 'Father Name', 'Address']]
>       assert res == exp
E       AssertionError: assert [['Name,Father Name,Address']] == [['Name', 'Fat...', 'Address']]
E         At index 0 diff: ['Name,Father Name,Address'] != ['Name', 'Father Name', 'Address']
E         Use -v to get the full diff

test_student.py:70: AssertionError
______________________________ test_read_data_s3 ______________________________

    def test_read_data_s3():
        s = "Name,Father Name,Address\nAli,Khayam,'H, 21, Street 2'"
        res = write_str_and_get_date(s, 'temp', 'file.csv')
        exp = [['Name', 'Father Name', 'Address'],
               ['Ali', 'Khayam', 'H, 21, Street 2']]
>       assert res == exp
E       assert [['Name,Fathe... "Street 2'"]] == [['Name', 'Fat...1, Street 2']]
E         At index 0 diff: ['Name,Father Name,Address\n'] != ['Name', 'Father Name', 'Address']
E         Use -v to get the full diff

test_student.py:77: AssertionError
===================== 5 failed, 3 passed in 0.14 seconds ======================
============================= test session starts =============================
platform win32 -- Python 3.6.5, pytest-3.8.1, py-1.5.3, pluggy-0.7.1
rootdir: D:\Semester 4\PF\Assignments\a7, inifile:
plugins: timeout-1.3.2, remotedata-0.2.1, openfiles-0.3.0, doctestplus-0.1.3, arraydiff-0.2
timeout: 3.0s
timeout method: thread
timeout func_only: False
collected 8 items

test_student.py ..FF.FFF                                                 [100%]

================================== FAILURES ===================================
_____________________________ test_split_safe_s3 ______________________________

    def test_split_safe_s3():
        res = split_safe("Ali, Tariq,'House 10, Street 20',30")
        exp = ['Ali','Tariq','House 10, Street 20','30']
>       assert res == exp
E       AssertionError: assert ['Ali', ' Tar...eet 20', '30'] == ['Ali', 'Tariq...eet 20', '30']
E         At index 1 diff: ' Tariq' != 'Tariq'
E         Use -v to get the full diff

test_student.py:28: AssertionError
_____________________________ test_split_safe_s4 ______________________________

    def test_split_safe_s4():
>       res = split_safe("")

test_student.py:31: 
_ _ _ _ _ _ _ _ _ _ _ _ _ _ _ _ _ _ _ _ _ _ _ _ _ _ _ _ _ _ _ _ _ _ _ _ _ _ _ _

a = ''

    def split_safe(a):
        list = []
        q = a.split(",")
        c = 0
        co = 0
        while co < len(q):
>           if q[co][c] == "'":
E           IndexError: string index out of range

a07.py:28: IndexError
______________________________ test_read_data_s1 ______________________________

    def test_read_data_s1():
>       res = read_data('', 'file.csv')

test_student.py:42: 
_ _ _ _ _ _ _ _ _ _ _ _ _ _ _ _ _ _ _ _ _ _ _ _ _ _ _ _ _ _ _ _ _ _ _ _ _ _ _ _

x = '', y = 'file.csv', z = False

    def read_data(x,y, z = False):
    	filename = os.path.join(x,y)
    	data = []
    	with open(filename, 'r') as f:
    		for lines in f:
    			#p = lines.rstrip().split(',')
>   			p = re.findall(r'(\d+|".*")', lines)
E      NameError: name 're' is not defined

a07.py:69: NameError
______________________________ test_read_data_s2 ______________________________

    def test_read_data_s2():
        s = "Name,Father Name,Address"
>       res = write_str_and_get_date(s, 'temp', 'file.csv')

test_student.py:68: 
_ _ _ _ _ _ _ _ _ _ _ _ _ _ _ _ _ _ _ _ _ _ _ _ _ _ _ _ _ _ _ _ _ _ _ _ _ _ _ _
test_student.py:61: in write_str_and_get_date
    res = read_data(d, f)
_ _ _ _ _ _ _ _ _ _ _ _ _ _ _ _ _ _ _ _ _ _ _ _ _ _ _ _ _ _ _ _ _ _ _ _ _ _ _ _

x = 'temp', y = 'file.csv', z = False

    def read_data(x,y, z = False):
    	filename = os.path.join(x,y)
    	data = []
    	with open(filename, 'r') as f:
    		for lines in f:
    			#p = lines.rstrip().split(',')
>   			p = re.findall(r'(\d+|".*")', lines)
E      NameError: name 're' is not defined

a07.py:69: NameError
______________________________ test_read_data_s3 ______________________________

    def test_read_data_s3():
        s = "Name,Father Name,Address\nAli,Khayam,'H, 21, Street 2'"
>       res = write_str_and_get_date(s, 'temp', 'file.csv')

test_student.py:74: 
_ _ _ _ _ _ _ _ _ _ _ _ _ _ _ _ _ _ _ _ _ _ _ _ _ _ _ _ _ _ _ _ _ _ _ _ _ _ _ _
test_student.py:61: in write_str_and_get_date
    res = read_data(d, f)
_ _ _ _ _ _ _ _ _ _ _ _ _ _ _ _ _ _ _ _ _ _ _ _ _ _ _ _ _ _ _ _ _ _ _ _ _ _ _ _

x = 'temp', y = 'file.csv', z = False

    def read_data(x,y, z = False):
    	filename = os.path.join(x,y)
    	data = []
    	with open(filename, 'r') as f:
    		for lines in f:
    			#p = lines.rstrip().split(',')
>   			p = re.findall(r'(\d+|".*")', lines)
E      NameError: name 're' is not defined

a07.py:69: NameError
===================== 5 failed, 3 passed in 0.18 seconds ======================
============================= test session starts =============================
platform win32 -- Python 3.6.5, pytest-3.8.1, py-1.5.3, pluggy-0.7.1
rootdir: D:\Semester 4\PF\Assignments\a7, inifile:
plugins: timeout-1.3.2, remotedata-0.2.1, openfiles-0.3.0, doctestplus-0.1.3, arraydiff-0.2
timeout: 3.0s
timeout method: thread
timeout func_only: False
collected 8 items

test_student.py ..FF.FFF                                                 [100%]

================================== FAILURES ===================================
_____________________________ test_split_safe_s3 ______________________________

    def test_split_safe_s3():
        res = split_safe("Ali, Tariq,'House 10, Street 20',30")
        exp = ['Ali','Tariq','House 10, Street 20','30']
>       assert res == exp
E       AssertionError: assert ['Ali', ' Tar...eet 20', '30'] == ['Ali', 'Tariq...eet 20', '30']
E         At index 1 diff: ' Tariq' != 'Tariq'
E         Use -v to get the full diff

test_student.py:28: AssertionError
_____________________________ test_split_safe_s4 ______________________________

    def test_split_safe_s4():
>       res = split_safe("")

test_student.py:31: 
_ _ _ _ _ _ _ _ _ _ _ _ _ _ _ _ _ _ _ _ _ _ _ _ _ _ _ _ _ _ _ _ _ _ _ _ _ _ _ _

a = ''

    def split_safe(a):
        list = []
        q = a.split(",")
        c = 0
        co = 0
        while co < len(q):
>           if q[co][c] == "'":
E           IndexError: string index out of range

a07.py:28: IndexError
______________________________ test_read_data_s1 ______________________________

    def test_read_data_s1():
        res = read_data('', 'file.csv')
        exp = [['Name', 'Father Name', 'Address', 'Age'],
               ['Ali', 'Farooq', 'Street 10, Sector E2, Phase1', '34'],
               ['Bilal', 'Khan', 'Sector E3, Phase1', '76'],
               ['Khan','Ajmal', 'Nowhere', '65']]
>       assert res == exp
E       AssertionError: assert [[], ['10', '...'76'], ['65']] == [['Name', 'Fat...where', '65']]
E         At index 0 diff: [] != ['Name', 'Father Name', 'Address', 'Age']
E         Use -v to get the full diff

test_student.py:47: AssertionError
______________________________ test_read_data_s2 ______________________________

    def test_read_data_s2():
        s = "Name,Father Name,Address"
        res = write_str_and_get_date(s, 'temp', 'file.csv')
        exp = [['Name', 'Father Name', 'Address']]
>       assert res == exp
E       AssertionError: assert [[]] == [['Name', 'Father Name', 'Address']]
E         At index 0 diff: [] != ['Name', 'Father Name', 'Address']
E         Use -v to get the full diff

test_student.py:70: AssertionError
______________________________ test_read_data_s3 ______________________________

    def test_read_data_s3():
        s = "Name,Father Name,Address\nAli,Khayam,'H, 21, Street 2'"
        res = write_str_and_get_date(s, 'temp', 'file.csv')
        exp = [['Name', 'Father Name', 'Address'],
               ['Ali', 'Khayam', 'H, 21, Street 2']]
>       assert res == exp
E       AssertionError: assert [[], ['21', '2']] == [['Name', 'Father Na..., 'H, 21, Street 2']]
E         At index 0 diff: [] != ['Name', 'Father Name', 'Address']
E         Use -v to get the full diff

test_student.py:77: AssertionError
===================== 5 failed, 3 passed in 0.14 seconds ======================
============================= test session starts =============================
platform win32 -- Python 3.6.5, pytest-3.8.1, py-1.5.3, pluggy-0.7.1
rootdir: D:\Semester 4\PF\Assignments\a7, inifile:
plugins: timeout-1.3.2, remotedata-0.2.1, openfiles-0.3.0, doctestplus-0.1.3, arraydiff-0.2
timeout: 3.0s
timeout method: thread
timeout func_only: False
collected 8 items

test_student.py ..FF.FFF                                                 [100%]

================================== FAILURES ===================================
_____________________________ test_split_safe_s3 ______________________________

    def test_split_safe_s3():
        res = split_safe("Ali, Tariq,'House 10, Street 20',30")
        exp = ['Ali','Tariq','House 10, Street 20','30']
>       assert res == exp
E       AssertionError: assert ['Ali', ' Tar...eet 20', '30'] == ['Ali', 'Tariq...eet 20', '30']
E         At index 1 diff: ' Tariq' != 'Tariq'
E         Use -v to get the full diff

test_student.py:28: AssertionError
_____________________________ test_split_safe_s4 ______________________________

    def test_split_safe_s4():
>       res = split_safe("")

test_student.py:31: 
_ _ _ _ _ _ _ _ _ _ _ _ _ _ _ _ _ _ _ _ _ _ _ _ _ _ _ _ _ _ _ _ _ _ _ _ _ _ _ _

a = ''

    def split_safe(a):
        list = []
        q = a.split(",")
        c = 0
        co = 0
        while co < len(q):
>           if q[co][c] == "'":
E           IndexError: string index out of range

a07.py:28: IndexError
______________________________ test_read_data_s1 ______________________________

    def test_read_data_s1():
>       res = read_data('', 'file.csv')

test_student.py:42: 
_ _ _ _ _ _ _ _ _ _ _ _ _ _ _ _ _ _ _ _ _ _ _ _ _ _ _ _ _ _ _ _ _ _ _ _ _ _ _ _

x = '', y = 'file.csv', z = False

    def read_data(x,y, z = False):
>       filename = os.path.join(x,y)
E       NameError: name 'os' is not defined

a07.py:51: NameError
______________________________ test_read_data_s2 ______________________________

    def test_read_data_s2():
        s = "Name,Father Name,Address"
>       res = write_str_and_get_date(s, 'temp', 'file.csv')

test_student.py:68: 
_ _ _ _ _ _ _ _ _ _ _ _ _ _ _ _ _ _ _ _ _ _ _ _ _ _ _ _ _ _ _ _ _ _ _ _ _ _ _ _
test_student.py:61: in write_str_and_get_date
    res = read_data(d, f)
_ _ _ _ _ _ _ _ _ _ _ _ _ _ _ _ _ _ _ _ _ _ _ _ _ _ _ _ _ _ _ _ _ _ _ _ _ _ _ _

x = 'temp', y = 'file.csv', z = False

    def read_data(x,y, z = False):
>       filename = os.path.join(x,y)
E       NameError: name 'os' is not defined

a07.py:51: NameError
______________________________ test_read_data_s3 ______________________________

    def test_read_data_s3():
        s = "Name,Father Name,Address\nAli,Khayam,'H, 21, Street 2'"
>       res = write_str_and_get_date(s, 'temp', 'file.csv')

test_student.py:74: 
_ _ _ _ _ _ _ _ _ _ _ _ _ _ _ _ _ _ _ _ _ _ _ _ _ _ _ _ _ _ _ _ _ _ _ _ _ _ _ _
test_student.py:61: in write_str_and_get_date
    res = read_data(d, f)
_ _ _ _ _ _ _ _ _ _ _ _ _ _ _ _ _ _ _ _ _ _ _ _ _ _ _ _ _ _ _ _ _ _ _ _ _ _ _ _

x = 'temp', y = 'file.csv', z = False

    def read_data(x,y, z = False):
>       filename = os.path.join(x,y)
E       NameError: name 'os' is not defined

a07.py:51: NameError
===================== 5 failed, 3 passed in 0.15 seconds ======================
============================= test session starts =============================
platform win32 -- Python 3.6.5, pytest-3.8.1, py-1.5.3, pluggy-0.7.1
rootdir: D:\Semester 4\PF\Assignments\a7, inifile:
plugins: timeout-1.3.2, remotedata-0.2.1, openfiles-0.3.0, doctestplus-0.1.3, arraydiff-0.2
timeout: 3.0s
timeout method: thread
timeout func_only: False
collected 8 items

test_student.py ..FF.F.F                                                 [100%]

================================== FAILURES ===================================
_____________________________ test_split_safe_s3 ______________________________

    def test_split_safe_s3():
        res = split_safe("Ali, Tariq,'House 10, Street 20',30")
        exp = ['Ali','Tariq','House 10, Street 20','30']
>       assert res == exp
E       AssertionError: assert ['Ali', ' Tar...eet 20', '30'] == ['Ali', 'Tariq...eet 20', '30']
E         At index 1 diff: ' Tariq' != 'Tariq'
E         Use -v to get the full diff

test_student.py:28: AssertionError
_____________________________ test_split_safe_s4 ______________________________

    def test_split_safe_s4():
>       res = split_safe("")

test_student.py:31: 
_ _ _ _ _ _ _ _ _ _ _ _ _ _ _ _ _ _ _ _ _ _ _ _ _ _ _ _ _ _ _ _ _ _ _ _ _ _ _ _

a = ''

    def split_safe(a):
        list = []
[...]
E         At index 0 diff: "a,'n,x'" != 'a'
E         Right contains more items, first extra item: 'n,x'
E         Use -v to get the full diff

test_student.py:38: AssertionError
______________________________ test_read_data_s1 ______________________________

    def test_read_data_s1():
        res = read_data('', 'file.csv')
        exp = [['Name', 'Father Name', 'Address', 'Age'],
               ['Ali', 'Farooq', 'Street 10, Sector E2, Phase1', '34'],
               ['Bilal', 'Khan', 'Sector E3, Phase1', '76'],
               ['Khan','Ajmal', 'Nowhere', '65']]
>       assert res == exp
E       AssertionError: assert [['Name,Fathe...ress, '], ...] == [['Name', 'Fat...where', '65']]
E         At index 0 diff: ['Name,Father Name,Address,Age'] != ['Name', 'Father Name', 'Address', 'Age']
E         Left contains more items, first extra item: ['']
E         Use -v to get the full diff

test_student.py:47: AssertionError
______________________________ test_read_data_s2 ______________________________

    def test_read_data_s2():
        s = "Name,Father Name,Address"
        res = write_str_and_get_date(s, 'temp', 'file.csv')
        exp = [['Name', 'Father Name', 'Address']]
>       assert res == exp
E       AssertionError: assert [['Name,Father Name,Address']] == [['Name', 'Fat...', 'Address']]
E         At index 0 diff: ['Name,Father Name,Address'] != ['Name', 'Father Name', 'Address']
E         Use -v to get the full diff

test_student.py:70: AssertionError
______________________________ test_read_data_s3 ______________________________

    def test_read_data_s3():
        s = "Name,Father Name,Address\nAli,Khayam,'H, 21, Street 2'"
        res = write_str_and_get_date(s, 'temp', 'file.csv')
        exp = [['Name', 'Father Name', 'Address'],
               ['Ali', 'Khayam', 'H, 21, Street 2']]
>       assert res == exp
E       assert [['Name,Fathe..., Street 2'"]] == [['Name', 'Fat...1, Street 2']]
E         At index 0 diff: ['Name,Father Name,Address'] != ['Name', 'Father Name', 'Address']
E         Use -v to get the full diff

test_student.py:77: AssertionError
========================== 8 failed in 0.17 seconds ===========================
============================= test session starts =============================
platform win32 -- Python 3.6.5, pytest-3.8.1, py-1.5.3, pluggy-0.7.1
rootdir: D:\Semester 4\PF\Assignments\a7, inifile:
plugins: timeout-1.3.2, remotedata-0.2.1, openfiles-0.3.0, doctestplus-0.1.3, arraydiff-0.2
timeout: 3.0s
timeout method: thread
timeout func_only: False
collected 8 items

test_student.py F.FF.F.F                                                 [100%]

================================== FAILURES ===================================
_____________________________ test_split_safe_s1 ______________________________

    def test_split_safe_s1():
        res = split_safe("Name,'Father Name',Address,Age")
        exp = ['Name','Father Name','Address','Age']
>       assert res == exp
E       assert ['Name', "Fat...dress", 'Age'] == ['Name', 'Fath...dress', 'Age']
E         At index 1 diff: "Father Name',Address" != 'Father Name'
E         Right contains more items, first extra item: 'Age'
E         Use -v to get the full diff

test_student.py:18: AssertionError
_____________________________ test_split_safe_s3 ______________________________

    def test_split_safe_s3():
        res = split_safe("Ali, Tariq,'House 10, Street 20',30")
        exp = ['Ali','Tariq','House 10, Street 20','30']
>       assert res == exp
E       AssertionError: assert ['Ali', ' Tar...eet 20', '30'] == ['Ali', 'Tariq...eet 20', '30']
E         At index 1 diff: ' Tariq' != 'Tariq'
E         Use -v to get the full diff

test_student.py:28: AssertionError
_____________________________ test_split_safe_s4 ______________________________

    def test_split_safe_s4():
        res = split_safe("")
        exp = []
>       assert res == exp
E       AssertionError: assert [''] == []
E         Left contains more items, first extra item: ''
E         Use -v to get the full diff

test_student.py:33: AssertionError
______________________________ test_read_data_s1 ______________________________

    def test_read_data_s1():
        res = read_data('', 'file.csv')
        exp = [['Name', 'Father Name', 'Address', 'Age'],
               ['Ali', 'Farooq', 'Street 10, Sector E2, Phase1', '34'],
               ['Bilal', 'Khan', 'Sector E3, Phase1', '76'],
               ['Khan','Ajmal', 'Nowhere', '65']]
>       assert res == exp
E       AssertionError: assert [['Name', 'Fa...s', ' '], ...] == [['Name', 'Fat...where', '65']]
E         At index 1 diff: ['Ali', 'Farooq', 'Street 10, Sector E2', ' Phase1', '34'] != ['Ali', 'Farooq', 'Street 10, Sector E2, Phase1', '34']
E         Left contains more items, first extra item: ['']
E         Use -v to get the full diff

test_student.py:47: AssertionError
______________________________ test_read_data_s3 ______________________________

    def test_read_data_s3():
        s = "Name,Father Name,Address\nAli,Khayam,'H, 21, Street 2'"
        res = write_str_and_get_date(s, 'temp', 'file.csv')
        exp = [['Name', 'Father Name', 'Address'],
               ['Ali', 'Khayam', 'H, 21, Street 2']]
>       assert res == exp
E       AssertionError: assert [['Name', 'Fa... ' Street 2']] == [['Name', 'Fat...1, Street 2']]
E         At index 1 diff: ['Ali', 'Khayam', 'H, 21', ' Street 2'] != ['Ali', 'Khayam', 'H, 21, Street 2']
E         Use -v to get the full diff

test_student.py:77: AssertionError
===================== 5 failed, 3 passed in 0.13 seconds ======================
============================= test session starts =============================
platform win32 -- Python 3.6.5, pytest-3.8.1, py-1.5.3, pluggy-0.7.1
rootdir: D:\Semester 4\PF\Assignments\a7, inifile:
plugins: timeout-1.3.2, remotedata-0.2.1, openfiles-0.3.0, doctestplus-0.1.3, arraydiff-0.2
timeout: 3.0s
timeout method: thread
timeout func_only: False
collected 8 items

test_student.py .FFFFF.F                                                 [100%]

================================== FAILURES ===================================
_____________________________ test_split_safe_s2 ______________________________

    def test_split_safe_s2():
        res = split_safe("Ali,Tariq,'House 10, Street 20',30")
        exp = ['Ali','Tariq','House 10, Street 20','30']
>       assert res == exp
E       AssertionError: assert ['Ali', 'Tari...eet 20', '30'] == ['Ali', 'Tariq...eet 20', '30']
E         At index 2 diff: 'House 10' != 'House 10, Street 20'
E         Left contains more items, first extra item: '30'
E         Use -v to get the full diff

test_student.py:23: AssertionError
_____________________________ test_split_safe_s3 ______________________________

    def test_split_safe_s3():
        res = split_safe("Ali, Tariq,'House 10, Street 20',30")
        exp = ['Ali','Tariq','House 10, Street 20','30']
>       assert res == exp
E       AssertionError: assert ['Ali', ' Tar...eet 20', '30'] == ['Ali', 'Tariq...eet 20', '30']
E         At index 1 diff: ' Tariq' != 'Tariq'
E         Left contains more items, first extra item: '30'
E         Use -v to get the full diff

test_student.py:28: AssertionError
_____________________________ test_split_safe_s4 ______________________________

    def test_split_safe_s4():
        res = split_safe("")
        exp = []
>       assert res == exp
E       AssertionError: assert [''] == []
E         Left contains more items, first extra item: ''
E         Use -v to get the full diff

test_student.py:33: AssertionError
_____________________________ test_split_safe_s5 ______________________________

    def test_split_safe_s5():
        res = split_safe("a,'n,x'")
        exp = ['a', 'n,x']
>       assert res == exp
E       AssertionError: assert ['a', 'n', 'x'] == ['a', 'n,x']
E         At index 1 diff: 'n' != 'n,x'
E         Left contains more items, first extra item: 'x'
E         Use -v to get the full diff

test_student.py:38: AssertionError
______________________________ test_read_data_s1 ______________________________

    def test_read_data_s1():
        res = read_data('', 'file.csv')
        exp = [['Name', 'Father Name', 'Address', 'Age'],
               ['Ali', 'Farooq', 'Street 10, Sector E2, Phase1', '34'],
               ['Bilal', 'Khan', 'Sector E3, Phase1', '76'],
               ['Khan','Ajmal', 'Nowhere', '65']]
>       assert res == exp
E       AssertionError: assert [['Name', 'Fa...s', ' '], ...] == [['Name', 'Fat...where', '65']]
E         At index 1 diff: ['Ali', 'Farooq', 'Street 10', ' Sector E2', ' Phase1', '34'] != ['Ali', 'Farooq', 'Street 10, Sector E2, Phase1', '34']
E         Left contains more items, first extra item: ['']
E         Use -v to get the full diff

test_student.py:47: AssertionError
______________________________ test_read_data_s3 ______________________________

    def test_read_data_s3():
        s = "Name,Father Name,Address\nAli,Khayam,'H, 21, Street 2'"
        res = write_str_and_get_date(s, 'temp', 'file.csv')
        exp = [['Name', 'Father Name', 'Address'],
               ['Ali', 'Khayam', 'H, 21, Street 2']]
>       assert res == exp
E       AssertionError: assert [['Name', 'Fa... ' Street 2']] == [['Name', 'Fat...1, Street 2']]
E         At index 1 diff: ['Ali', 'Khayam', 'H', ' 21', ' Street 2'] != ['Ali', 'Khayam', 'H, 21, Street 2']
E         Use -v to get the full diff

test_student.py:77: AssertionError
===================== 6 failed, 2 passed in 0.19 seconds ======================
============================= test session starts =============================
platform win32 -- Python 3.6.5, pytest-3.8.1, py-1.5.3, pluggy-0.7.1
rootdir: D:\Semester 4\PF\Assignments\a7, inifile:
plugins: timeout-1.3.2, remotedata-0.2.1, openfiles-0.3.0, doctestplus-0.1.3, arraydiff-0.2
timeout: 3.0s
timeout method: thread
timeout func_only: False
collected 8 items

test_student.py F.FF.F.F                                                 [100%]

================================== FAILURES ===================================
_____________________________ test_split_safe_s1 ______________________________

    def test_split_safe_s1():
        res = split_safe("Name,'Father Name',Address,Age")
        exp = ['Name','Father Name','Address','Age']
>       assert res == exp
E       AssertionError: assert ['Name', 'Fat...dress', 'Age'] == ['Name', 'Fath...dress', 'Age']
E         At index 1 diff: 'Father Name,Address' != 'Father Name'
E         Right contains more items, first extra item: 'Age'
E         Use -v to get the full diff

test_student.py:18: AssertionError
_____________________________ test_split_safe_s3 ______________________________

    def test_split_safe_s3():
        res = split_safe("Ali, Tariq,'House 10, Street 20',30")
        exp = ['Ali','Tariq','House 10, Street 20','30']
>       assert res == exp
E       AssertionError: assert ['Ali', ' Tar...eet 20', '30'] == ['Ali', 'Tariq...eet 20', '30']
E         At index 1 diff: ' Tariq' != 'Tariq'
E         Use -v to get the full diff

test_student.py:28: AssertionError
_____________________________ test_split_safe_s4 ______________________________

    def test_split_safe_s4():
        res = split_safe("")
        exp = []
>       assert res == exp
E       AssertionError: assert [''] == []
E         Left contains more items, first extra item: ''
E         Use -v to get the full diff

test_student.py:33: AssertionError
______________________________ test_read_data_s1 ______________________________

    def test_read_data_s1():
        res = read_data('', 'file.csv')
        exp = [['Name', 'Father Name', 'Address', 'Age'],
               ['Ali', 'Farooq', 'Street 10, Sector E2, Phase1', '34'],
               ['Bilal', 'Khan', 'Sector E3, Phase1', '76'],
               ['Khan','Ajmal', 'Nowhere', '65']]
>       assert res == exp
E       AssertionError: assert [['Name', 'Fa...s', ' '], ...] == [['Name', 'Fat...where', '65']]
E         At index 1 diff: ['Ali', 'Farooq', 'Street 10, Sector E2', ' Phase1*', '34'] != ['Ali', 'Farooq', 'Street 10, Sector E2, Phase1', '34']
E         Left contains more items, first extra item: ['']
E         Use -v to get the full diff

test_student.py:47: AssertionError
______________________________ test_read_data_s3 ______________________________

    def test_read_data_s3():
        s = "Name,Father Name,Address\nAli,Khayam,'H, 21, Street 2'"
        res = write_str_and_get_date(s, 'temp', 'file.csv')
        exp = [['Name', 'Father Name', 'Address'],
               ['Ali', 'Khayam', 'H, 21, Street 2']]
>       assert res == exp
E       AssertionError: assert [['Name', 'Fa...' Street 2*']] == [['Name', 'Fat...1, Street 2']]
E         At index 1 diff: ['Ali', 'Khayam', 'H, 21', ' Street 2*'] != ['Ali', 'Khayam', 'H, 21, Street 2']
E         Use -v to get the full diff

test_student.py:77: AssertionError
===================== 5 failed, 3 passed in 0.41 seconds ======================
============================= test session starts =============================
platform win32 -- Python 3.6.5, pytest-3.8.1, py-1.5.3, pluggy-0.7.1
rootdir: D:\Semester 4\PF\Assignments\a7, inifile:
plugins: timeout-1.3.2, remotedata-0.2.1, openfiles-0.3.0, doctestplus-0.1.3, arraydiff-0.2
timeout: 3.0s
timeout method: thread
timeout func_only: False
collected 8 items

test_student.py FFF.FFFF                                                 [100%]

================================== FAILURES ===================================
_____________________________ test_split_safe_s1 ______________________________

    def test_split_safe_s1():
        res = split_safe("Name,'Father Name',Address,Age")
        exp = ['Name','Father Name','Address','Age']
>       assert res == exp
E       AssertionError: assert ['Name', 'Address'] == ['Name', 'Father Name', 'Address', 'Age']
E         At index 1 diff: 'Address' != 'Father Name'
E         Right contains more items, first extra item: 'Address'
E         Use -v to get the full diff

test_student.py:18: AssertionError
_____________________________ test_split_safe_s2 ______________________________

    def test_split_safe_s2():
        res = split_safe("Ali,Tariq,'House 10, Street 20',30")
        exp = ['Ali','Tariq','House 10, Street 20','30']
>       assert res == exp
E       assert ['Ali', 'Tariq', "'House 10"] == ['Ali', 'Tariq...reet 20', '30']
E         At index 2 diff: "'House 10" != 'House 10, Street 20'
E         Right contains more items, first extra item: '30'
E         Use -v to get the full diff

test_student.py:23: AssertionError
_____________________________ test_split_safe_s3 ______________________________

    def test_split_safe_s3():
        res = split_safe("Ali, Tariq,'House 10, Street 20',30")
        exp = ['Ali','Tariq','House 10, Street 20','30']
>       assert res == exp
E       assert ['Ali', 'Tariq', "'House 10"] == ['Ali', 'Tariq...reet 20', '30']
E         At index 2 diff: "'House 10" != 'House 10, Street 20'
E         Right contains more items, first extra item: '30'
E         Use -v to get the full diff

test_student.py:28: AssertionError
_____________________________ test_split_safe_s5 ______________________________

    def test_split_safe_s5():
        res = split_safe("a,'n,x'")
        exp = ['a', 'n,x']
>       assert res == exp
E       assert ['a', "'n"] == ['a', 'n,x']
E         At index 1 diff: "'n" != 'n,x'
E         Use -v to get the full diff

test_student.py:38: AssertionError
______________________________ test_read_data_s1 ______________________________

    def test_read_data_s1():
        res = read_data('', 'file.csv')
        exp = [['Name', 'Father Name', 'Address', 'Age'],
               ['Ali', 'Farooq', 'Street 10, Sector E2, Phase1', '34'],
               ['Bilal', 'Khan', 'Sector E3, Phase1', '76'],
               ['Khan','Ajmal', 'Nowhere', '65']]
>       assert res == exp
E       AssertionError: assert [['Name', 'Fa...ddress'], ...] == [['Name', 'Fat...where', '65']]
E         At index 0 diff: ['Name', 'Father Name', 'Address'] != ['Name', 'Father Name', 'Address', 'Age']
E         Left contains more items, first extra item: []
E         Use -v to get the full diff

test_student.py:47: AssertionError
______________________________ test_read_data_s2 ______________________________

    def test_read_data_s2():
        s = "Name,Father Name,Address"
        res = write_str_and_get_date(s, 'temp', 'file.csv')
        exp = [['Name', 'Father Name', 'Address']]
>       assert res == exp
E       AssertionError: assert [['Name', 'Father Name']] == [['Name', 'Father Name', 'Address']]
E         At index 0 diff: ['Name', 'Father Name'] != ['Name', 'Father Name', 'Address']
E         Use -v to get the full diff

test_student.py:70: AssertionError
______________________________ test_read_data_s3 ______________________________

    def test_read_data_s3():
        s = "Name,Father Name,Address\nAli,Khayam,'H, 21, Street 2'"
        res = write_str_and_get_date(s, 'temp', 'file.csv')
        exp = [['Name', 'Father Name', 'Address'],
               ['Ali', 'Khayam', 'H, 21, Street 2']]
>       assert res == exp
E       assert [['Name', 'Fa..., "'H", '21']] == [['Name', 'Fat...1, Street 2']]
E         At index 0 diff: ['Name', 'Father Name'] != ['Name', 'Father Name', 'Address']
E         Use -v to get the full diff

test_student.py:77: AssertionError
===================== 7 failed, 1 passed in 0.15 seconds ======================
============================= test session starts =============================
platform win32 -- Python 3.6.5, pytest-3.8.1, py-1.5.3, pluggy-0.7.1
rootdir: D:\Semester 4\PF\Assignments\a7, inifile:
plugins: timeout-1.3.2, remotedata-0.2.1, openfiles-0.3.0, doctestplus-0.1.3, arraydiff-0.2
timeout: 3.0s
timeout method: thread
timeout func_only: False
collected 8 items

test_student.py .....F.F                                                 [100%]

================================== FAILURES ===================================
______________________________ test_read_data_s1 ______________________________

    def test_read_data_s1():
>       res = read_data('', 'file.csv')

test_student.py:42: 
_ _ _ _ _ _ _ _ _ _ _ _ _ _ _ _ _ _ _ _ _ _ _ _ _ _ _ _ _ _ _ _ _ _ _ _ _ _ _ _
a07.py:63: in read_data
    data.append(split_safe(lines))
_ _ _ _ _ _ _ _ _ _ _ _ _ _ _ _ _ _ _ _ _ _ _ _ _ _ _ _ _ _ _ _ _ _ _ _ _ _ _ _

a = 'Name, Father Name, Address, '

    def split_safe(a):
        list = []
        if a == '':
            return list
    
        w = a.split(",")
    
        q = []
        for i in w:
            i = i.strip()
            q.append(i)
    
        c = 0
        co = 0
    
        while co < len(q):
>           if q[co][c] == "'":
E           IndexError: string index out of range

a07.py:40: IndexError
______________________________ test_read_data_s3 ______________________________

    def test_read_data_s3():
        s = "Name,Father Name,Address\nAli,Khayam,'H, 21, Street 2'"
        res = write_str_and_get_date(s, 'temp', 'file.csv')
        exp = [['Name', 'Father Name', 'Address'],
               ['Ali', 'Khayam', 'H, 21, Street 2']]
>       assert res == exp
E       AssertionError: assert [['Name', 'Fa...eet 2', '21']] == [['Name', 'Fat...1, Street 2']]
E         At index 1 diff: ['Ali', 'Khayam', 'H, 21, Street 2', '21'] != ['Ali', 'Khayam', 'H, 21, Street 2']
E         Use -v to get the full diff

test_student.py:77: AssertionError
===================== 2 failed, 6 passed in 0.13 seconds ======================
